<?xml version="1.0" encoding="UTF-8"?>
<testsuite xmlns:xsi="http://www.w3.org/2001/XMLSchema-instance" xsi:noNamespaceSchemaLocation="https://maven.apache.org/surefire/maven-surefire-plugin/xsd/surefire-test-report.xsd" name="com.leyou.search.repository.GoodsRepositoryTest" time="25.425" tests="1" errors="1" skipped="0" failures="0">
  <properties>
[...]
</properties>
  <testcase name="loadData1" classname="com.leyou.search.repository.GoodsRepositoryTest" time="8.378">
    <error message="status 500 reading GoodsClient#querySkuBySpuId(Long); content:&#10;{&quot;timestamp&quot;:&quot;2022-07-08T06:44:56.980+0000&quot;,&quot;status&quot;:500,&quot;error&quot;:&quot;Internal Server Error&quot;,&quot;message&quot;:&quot;\r\n### Error querying database.  Cause: com.mysql.jdbc.exceptions.jdbc4.MySQLNonTransientConnectionException: No operations allowed after connection closed.\r\n### The error may exist in com/leyou/item/mapper/SkuMapper.java (best guess)\r\n### The error may involve com.leyou.item.mapper.SkuMapper.select\r\n### The error occurred while executing a query\r\n### SQL: SELECT id,spu_id,title,images,price,own_spec,indexes,enable,create_time,last_update_time  FROM tb_sku  WHERE  spu_id = ?\r\n### Cause: com.mysql.jdbc.exceptions.jdbc4.MySQLNonTransientConnectionException: No operations allowed after connection closed.\n; ]; No operations allowed after connection closed.; nested exception is com.mysql.jdbc.exceptions.jdbc4.MySQLNonTransientConnectionException: No operations allowed after connection closed.&quot;,&quot;path&quot;:&quot;/sku/list&quot;}" type="feign.FeignException">feign.FeignException: 
status 500 reading GoodsClient#querySkuBySpuId(Long); content:
{"timestamp":"2022-07-08T06:44:56.980+0000","status":500,"error":"Internal Server Error","message":"\r\n### Error querying database.  Cause: com.mysql.jdbc.exceptions.jdbc4.MySQLNonTransientConnectionException: No operations allowed after connection closed.\r\n### The error may exist in com/leyou/item/mapper/SkuMapper.java (best guess)\r\n### The error may involve com.leyou.item.mapper.SkuMapper.select\r\n### The error occurred while executing a query\r\n### SQL: SELECT id,spu_id,title,images,price,own_spec,indexes,enable,create_time,last_update_time  FROM tb_sku  WHERE  spu_id = ?\r\n### Cause: com.mysql.jdbc.exceptions.jdbc4.MySQLNonTransientConnectionException: No operations allowed after connection closed.\n; ]; No operations allowed after connection closed.; nested exception is com.mysql.jdbc.exceptions.jdbc4.MySQLNonTransientConnectionException: No operations allowed after connection closed.","path":"/sku/list"}
	at com.leyou.search.repository.GoodsRepositoryTest.lambda$loadData1$0(GoodsRepositoryTest.java:69)
	at com.leyou.search.repository.GoodsRepositoryTest.loadData1(GoodsRepositoryTest.java:74)
</error>
    <system-out><![CDATA[14:44:31.798 [main] DEBUG org.springframework.test.context.junit4.SpringJUnit4ClassRunner - SpringJUnit4ClassRunner constructor called with [class com.leyou.search.repository.GoodsRepositoryTest]
14:44:31.804 [main] DEBUG org.springframework.test.context.BootstrapUtils - Instantiating CacheAwareContextLoaderDelegate from class [org.springframework.test.context.cache.DefaultCacheAwareContextLoaderDelegate]
14:44:31.811 [main] DEBUG org.springframework.test.context.BootstrapUtils - Instantiating BootstrapContext using constructor [public org.springframework.test.context.support.DefaultBootstrapContext(java.lang.Class,org.springframework.test.context.CacheAwareContextLoaderDelegate)]
14:44:31.826 [main] DEBUG org.springframework.test.context.BootstrapUtils - Instantiating TestContextBootstrapper for test class [com.leyou.search.repository.GoodsRepositoryTest] from class [org.springframework.boot.test.context.SpringBootTestContextBootstrapper]
14:44:31.838 [main] INFO org.springframework.boot.test.context.SpringBootTestContextBootstrapper - Neither @ContextConfiguration nor @ContextHierarchy found for test class [com.leyou.search.repository.GoodsRepositoryTest], using SpringBootContextLoader
14:44:31.842 [main] DEBUG org.springframework.test.context.support.AbstractContextLoader - Did not detect default resource location for test class [com.leyou.search.repository.GoodsRepositoryTest]: class path resource [com/leyou/search/repository/GoodsRepositoryTest-context.xml] does not exist
14:44:31.842 [main] DEBUG org.springframework.test.context.support.AbstractContextLoader - Did not detect default resource location for test class [com.leyou.search.repository.GoodsRepositoryTest]: class path resource [com/leyou/search/repository/GoodsRepositoryTestContext.groovy] does not exist
14:44:31.842 [main] INFO org.springframework.test.context.support.AbstractContextLoader - Could not detect default resource locations for test class [com.leyou.search.repository.GoodsRepositoryTest]: no resource found for suffixes {-context.xml, Context.groovy}.
14:44:31.843 [main] INFO org.springframework.test.context.support.AnnotationConfigContextLoaderUtils - Could not detect default configuration classes for test class [com.leyou.search.repository.GoodsRepositoryTest]: GoodsRepositoryTest does not declare any static, non-private, non-final, nested classes annotated with @Configuration.
14:44:31.893 [main] DEBUG org.springframework.test.context.support.ActiveProfilesUtils - Could not find an 'annotation declaring class' for annotation type [org.springframework.test.context.ActiveProfiles] and class [com.leyou.search.repository.GoodsRepositoryTest]
14:44:31.901 [main] DEBUG org.springframework.core.env.StandardEnvironment - Adding PropertySource 'systemProperties' with lowest search precedence
14:44:31.901 [main] DEBUG org.springframework.core.env.StandardEnvironment - Adding PropertySource 'systemEnvironment' with lowest search precedence
14:44:31.902 [main] DEBUG org.springframework.core.env.StandardEnvironment - Initialized StandardEnvironment with PropertySources [MapPropertySource@1422222071 {name='systemProperties', properties={idea.version=2017.3.4, java.runtime.name=Java(TM) SE Runtime Environment, sun.boot.library.path=C:\Program Files\Java\jdk1.8.0_171\jre\bin, java.vm.version=25.171-b11, java.vm.vendor=Oracle Corporation, java.vendor.url=http://java.oracle.com/, path.separator=;, java.vm.name=Java HotSpot(TM) 64-Bit Server VM, file.encoding.pkg=sun.io, user.country=CN, user.script=, sun.java.launcher=SUN_STANDARD, sun.os.patch.level=, test=com.leyou.search.repository.GoodsRepositoryTest#loadData1, java.vm.specification.name=Java Virtual Machine Specification, user.dir=D:\BaiduNetdiskDownload\xx\pinyou\hwj_ly_project\ly-search, java.runtime.version=1.8.0_171-b11, basedir=D:\BaiduNetdiskDownload\xx\pinyou\hwj_ly_project\ly-search, java.awt.graphicsenv=sun.awt.Win32GraphicsEnvironment, java.endorsed.dirs=C:\Program Files\Java\jdk1.8.0_171\jre\lib\endorsed, os.arch=amd64, surefire.real.class.path=C:\Users\lifulai\AppData\Local\Temp\surefire9137506574638124556\surefirebooter5645286842281594025.jar, java.io.tmpdir=C:\Users\lifulai\AppData\Local\Temp\, line.separator=
, java.vm.specification.vendor=Oracle Corporation, user.variant=, os.name=Windows 10, sun.jnu.encoding=GBK, java.library.path=C:\Program Files\Java\jdk1.8.0_171\jre\bin;C:\WINDOWS\Sun\Java\bin;C:\WINDOWS\system32;C:\WINDOWS;C:\Python310\Scripts\;C:\Python310\;D:\app\lifulai\product\11.2.0\dbhome_1\bin;D:\app\lifulai\product\11.2.0\dbhome_1\NETWORK\ADMIN;C:\Program Files (x86)\Common Files\Intel\Shared Libraries\redist\intel64_win\compiler;D:\Program Files (x86)\Microsoft Visual Studio\Shared\Python37_64\Scripts\;D:\Program Files (x86)\Microsoft Visual Studio\Shared\Python37_64\;C:\Windows\system32;C:\Windows;C:\Windows\System32\Wbem;C:\Windows\System32\WindowsPowerShell\v1.0\;C:\Program Files\IDM Computer Solutions\UltraEdit;D:\BaiduNetdiskDownload\;C:\Program Files\Java\jdk1.8.0_171\bin;C:\Program Files (x86)\MySQL\MySQL Server 5.0\bin\;C:\Program Files\dotnet\;C:\Program Files\Git\cmd;C:\Program Files\NVIDIA Corporation\NVIDIA NvDLISR;D:\apache-tomcat-9.0.41\bin\;C:\Program Files\TortoiseGit\bin;D:\BaiduNetdiskDownload\java\;D:\apache-maven-3.5.2\bin\;C:\WINDOWS\system32;C:\WINDOWS;C:\WINDOWS\System32\Wbem;C:\WINDOWS\System32\WindowsPowerShell\v1.0\;C:\WINDOWS\System32\OpenSSH\;D:\matlab\runtime\win64;D:\matlab\bin;D:\matlab\polyspace\bin;C:\Program Files (x86)\NVIDIA Corporation\PhysX\Common;C:\Program Files\TortoiseSVN\bin;C:\Program Files\VisualSVN Server\bin;D:\apache-tomcat-7.0.94\bin\;C:\Users\lifulai\AppData\Roaming\nvm;C:\Program Files\nodejs;D:\node-v9.11.2-win-x86;D:\BaiduNetdiskDownload\xx\pinyou\NetSarang\Xshell 7\;C:\Program Files (x86)\NetSarang\Xftp 7\;D:\app\node9.11.2\node_global\;C:\Users\lifulai\AppData\Local\Microsoft\WindowsApps;C:\Users\lifulai\AppData\Local\GitHubDesktop\bin;C:\Users\lifulai\AppData\Local\Programs\Microsoft VS Code\bin;C:\Users\lifulai\AppData\Local\Microsoft\WindowsApps;D:\IntelliJ IDEA 2022.1.1\bin;;C:\Users\lifulai\AppData\Roaming\nvm;C:\Program Files\nodejs;., surefire.test.class.path=D:\BaiduNetdiskDownload\xx\pinyou\hwj_ly_project\ly-search\target\test-classes;D:\BaiduNetdiskDownload\xx\pinyou\hwj_ly_project\ly-search\target\classes;C:\Users\lifulai\.m2\repository\org\springframework\cloud\spring-cloud-starter-netflix-eureka-client\2.0.1.RELEASE\spring-cloud-starter-netflix-eureka-client-2.0.1.RELEASE.jar;C:\Users\lifulai\.m2\repository\org\springframework\cloud\spring-cloud-starter\2.0.1.RELEASE\spring-cloud-starter-2.0.1.RELEASE.jar;C:\Users\lifulai\.m2\repository\org\springframework\cloud\spring-cloud-context\2.0.1.RELEASE\spring-cloud-context-2.0.1.RELEASE.jar;C:\Users\lifulai\.m2\repository\org\springframework\security\spring-security-rsa\1.0.5.RELEASE\spring-security-rsa-1.0.5.RELEASE.jar;C:\Users\lifulai\.m2\repository\org\bouncycastle\bcpkix-jdk15on\1.56\bcpkix-jdk15on-1.56.jar;C:\Users\lifulai\.m2\repository\org\bouncycastle\bcprov-jdk15on\1.56\bcprov-jdk15on-1.56.jar;C:\Users\lifulai\.m2\repository\org\springframework\cloud\spring-cloud-netflix-core\2.0.1.RELEASE\spring-cloud-netflix-core-2.0.1.RELEASE.jar;C:\Users\lifulai\.m2\repository\org\springframework\boot\spring-boot-starter-aop\2.0.4.RELEASE\spring-boot-starter-aop-2.0.4.RELEASE.jar;C:\Users\lifulai\.m2\repository\org\aspectj\aspectjweaver\1.8.13\aspectjweaver-1.8.13.jar;C:\Users\lifulai\.m2\repository\org\springframework\cloud\spring-cloud-netflix-eureka-client\2.0.1.RELEASE\spring-cloud-netflix-eureka-client-2.0.1.RELEASE.jar;C:\Users\lifulai\.m2\repository\com\netflix\eureka\eureka-client\1.9.3\eureka-client-1.9.3.jar;C:\Users\lifulai\.m2\repository\org\codehaus\jettison\jettison\1.3.7\jettison-1.3.7.jar;C:\Users\lifulai\.m2\repository\stax\stax-api\1.0.1\stax-api-1.0.1.jar;C:\Users\lifulai\.m2\repository\com\netflix\netflix-commons\netflix-eventbus\0.3.0\netflix-eventbus-0.3.0.jar;C:\Users\lifulai\.m2\repository\com\netflix\netflix-commons\netflix-infix\0.3.0\netflix-infix-0.3.0.jar;C:\Users\lifulai\.m2\repository\commons-jxpath\commons-jxpath\1.3\commons-jxpath-1.3.jar;C:\Users\lifulai\.m2\repository\org\antlr\antlr-runtime\3.4\antlr-runtime-3.4.jar;C:\Users\lifulai\.m2\repository\org\antlr\stringtemplate\3.2.1\stringtemplate-3.2.1.jar;C:\Users\lifulai\.m2\repository\antlr\antlr\2.7.7\antlr-2.7.7.jar;C:\Users\lifulai\.m2\repository\com\google\code\gson\gson\2.8.5\gson-2.8.5.jar;C:\Users\lifulai\.m2\repository\org\apache\commons\commons-math\2.2\commons-math-2.2.jar;C:\Users\lifulai\.m2\repository\com\netflix\archaius\archaius-core\0.7.6\archaius-core-0.7.6.jar;C:\Users\lifulai\.m2\repository\com\google\guava\guava\16.0\guava-16.0.jar;C:\Users\lifulai\.m2\repository\javax\ws\rs\jsr311-api\1.1.1\jsr311-api-1.1.1.jar;C:\Users\lifulai\.m2\repository\com\netflix\servo\servo-core\0.12.21\servo-core-0.12.21.jar;C:\Users\lifulai\.m2\repository\com\sun\jersey\jersey-core\1.19.1\jersey-core-1.19.1.jar;C:\Users\lifulai\.m2\repository\com\sun\jersey\jersey-client\1.19.1\jersey-client-1.19.1.jar;C:\Users\lifulai\.m2\repository\com\sun\jersey\contribs\jersey-apache-client4\1.19.1\jersey-apache-client4-1.19.1.jar;C:\Users\lifulai\.m2\repository\org\apache\httpcomponents\httpclient\4.5.6\httpclient-4.5.6.jar;C:\Users\lifulai\.m2\repository\org\apache\httpcomponents\httpcore\4.4.10\httpcore-4.4.10.jar;C:\Users\lifulai\.m2\repository\commons-codec\commons-codec\1.11\commons-codec-1.11.jar;C:\Users\lifulai\.m2\repository\com\google\inject\guice\4.1.0\guice-4.1.0.jar;C:\Users\lifulai\.m2\repository\javax\inject\javax.inject\1\javax.inject-1.jar;C:\Users\lifulai\.m2\repository\aopalliance\aopalliance\1.0\aopalliance-1.0.jar;C:\Users\lifulai\.m2\repository\com\github\vlsi\compactmap\compactmap\1.2.1\compactmap-1.2.1.jar;C:\Users\lifulai\.m2\repository\com\github\andrewoma\dexx\dexx-collections\0.2\dexx-collections-0.2.jar;C:\Users\lifulai\.m2\repository\com\fasterxml\jackson\core\jackson-annotations\2.9.0\jackson-annotations-2.9.0.jar;C:\Users\lifulai\.m2\repository\com\fasterxml\jackson\core\jackson-core\2.9.6\jackson-core-2.9.6.jar;C:\Users\lifulai\.m2\repository\com\netflix\eureka\eureka-core\1.9.3\eureka-core-1.9.3.jar;C:\Users\lifulai\.m2\repository\org\codehaus\woodstox\woodstox-core-asl\4.4.1\woodstox-core-asl-4.4.1.jar;C:\Users\lifulai\.m2\repository\javax\xml\stream\stax-api\1.0-2\stax-api-1.0-2.jar;C:\Users\lifulai\.m2\repository\org\codehaus\woodstox\stax2-api\3.1.4\stax2-api-3.1.4.jar;C:\Users\lifulai\.m2\repository\org\springframework\cloud\spring-cloud-starter-netflix-archaius\2.0.1.RELEASE\spring-cloud-starter-netflix-archaius-2.0.1.RELEASE.jar;C:\Users\lifulai\.m2\repository\org\springframework\cloud\spring-cloud-netflix-ribbon\2.0.1.RELEASE\spring-cloud-netflix-ribbon-2.0.1.RELEASE.jar;C:\Users\lifulai\.m2\repository\org\springframework\cloud\spring-cloud-netflix-archaius\2.0.1.RELEASE\spring-cloud-netflix-archaius-2.0.1.RELEASE.jar;C:\Users\lifulai\.m2\repository\commons-configuration\commons-configuration\1.8\commons-configuration-1.8.jar;C:\Users\lifulai\.m2\repository\commons-lang\commons-lang\2.6\commons-lang-2.6.jar;C:\Users\lifulai\.m2\repository\org\springframework\cloud\spring-cloud-starter-netflix-ribbon\2.0.1.RELEASE\spring-cloud-starter-netflix-ribbon-2.0.1.RELEASE.jar;C:\Users\lifulai\.m2\repository\com\netflix\ribbon\ribbon\2.2.5\ribbon-2.2.5.jar;C:\Users\lifulai\.m2\repository\com\netflix\ribbon\ribbon-transport\2.2.5\ribbon-transport-2.2.5.jar;C:\Users\lifulai\.m2\repository\io\reactivex\rxnetty-contexts\0.4.9\rxnetty-contexts-0.4.9.jar;C:\Users\lifulai\.m2\repository\io\reactivex\rxnetty-servo\0.4.9\rxnetty-servo-0.4.9.jar;C:\Users\lifulai\.m2\repository\io\reactivex\rxnetty\0.4.9\rxnetty-0.4.9.jar;C:\Users\lifulai\.m2\repository\io\netty\netty-transport-native-epoll\4.1.27.Final\netty-transport-native-epoll-4.1.27.Final.jar;C:\Users\lifulai\.m2\repository\io\netty\netty-transport-native-unix-common\4.1.27.Final\netty-transport-native-unix-common-4.1.27.Final.jar;C:\Users\lifulai\.m2\repository\com\netflix\ribbon\ribbon-core\2.2.5\ribbon-core-2.2.5.jar;C:\Users\lifulai\.m2\repository\com\netflix\ribbon\ribbon-httpclient\2.2.5\ribbon-httpclient-2.2.5.jar;C:\Users\lifulai\.m2\repository\com\netflix\netflix-commons\netflix-commons-util\0.3.0\netflix-commons-util-0.3.0.jar;C:\Users\lifulai\.m2\repository\com\netflix\ribbon\ribbon-loadbalancer\2.2.5\ribbon-loadbalancer-2.2.5.jar;C:\Users\lifulai\.m2\repository\com\netflix\netflix-commons\netflix-statistics\0.1.1\netflix-statistics-0.1.1.jar;C:\Users\lifulai\.m2\repository\io\reactivex\rxjava\1.3.8\rxjava-1.3.8.jar;C:\Users\lifulai\.m2\repository\com\netflix\ribbon\ribbon-eureka\2.2.5\ribbon-eureka-2.2.5.jar;C:\Users\lifulai\.m2\repository\com\thoughtworks\xstream\xstream\1.4.10\xstream-1.4.10.jar;C:\Users\lifulai\.m2\repository\xmlpull\xmlpull\1.1.3.1\xmlpull-1.1.3.1.jar;C:\Users\lifulai\.m2\repository\xpp3\xpp3_min\1.1.4c\xpp3_min-1.1.4c.jar;C:\Users\lifulai\.m2\repository\org\springframework\boot\spring-boot-starter-web\2.0.4.RELEASE\spring-boot-starter-web-2.0.4.RELEASE.jar;C:\Users\lifulai\.m2\repository\org\springframework\boot\spring-boot-starter\2.0.4.RELEASE\spring-boot-starter-2.0.4.RELEASE.jar;C:\Users\lifulai\.m2\repository\org\springframework\boot\spring-boot\2.0.4.RELEASE\spring-boot-2.0.4.RELEASE.jar;C:\Users\lifulai\.m2\repository\javax\annotation\javax.annotation-api\1.3.2\javax.annotation-api-1.3.2.jar;C:\Users\lifulai\.m2\repository\org\yaml\snakeyaml\1.19\snakeyaml-1.19.jar;C:\Users\lifulai\.m2\repository\org\springframework\boot\spring-boot-starter-json\2.0.4.RELEASE\spring-boot-starter-json-2.0.4.RELEASE.jar;C:\Users\lifulai\.m2\repository\com\fasterxml\jackson\datatype\jackson-datatype-jdk8\2.9.6\jackson-datatype-jdk8-2.9.6.jar;C:\Users\lifulai\.m2\repository\com\fasterxml\jackson\datatype\jackson-datatype-jsr310\2.9.6\jackson-datatype-jsr310-2.9.6.jar;C:\Users\lifulai\.m2\repository\com\fasterxml\jackson\module\jackson-module-parameter-names\2.9.6\jackson-module-parameter-names-2.9.6.jar;C:\Users\lifulai\.m2\repository\org\springframework\boot\spring-boot-starter-tomcat\2.0.4.RELEASE\spring-boot-starter-tomcat-2.0.4.RELEASE.jar;C:\Users\lifulai\.m2\repository\org\apache\tomcat\embed\tomcat-embed-el\8.5.32\tomcat-embed-el-8.5.32.jar;C:\Users\lifulai\.m2\repository\org\apache\tomcat\embed\tomcat-embed-websocket\8.5.32\tomcat-embed-websocket-8.5.32.jar;C:\Users\lifulai\.m2\repository\org\hibernate\validator\hibernate-validator\6.0.11.Final\hibernate-validator-6.0.11.Final.jar;C:\Users\lifulai\.m2\repository\javax\validation\validation-api\2.0.1.Final\validation-api-2.0.1.Final.jar;C:\Users\lifulai\.m2\repository\org\jboss\logging\jboss-logging\3.3.2.Final\jboss-logging-3.3.2.Final.jar;C:\Users\lifulai\.m2\repository\com\fasterxml\classmate\1.3.4\classmate-1.3.4.jar;C:\Users\lifulai\.m2\repository\org\springframework\spring-web\5.0.8.RELEASE\spring-web-5.0.8.RELEASE.jar;C:\Users\lifulai\.m2\repository\org\springframework\spring-beans\5.0.8.RELEASE\spring-beans-5.0.8.RELEASE.jar;C:\Users\lifulai\.m2\repository\org\springframework\spring-webmvc\5.0.8.RELEASE\spring-webmvc-5.0.8.RELEASE.jar;C:\Users\lifulai\.m2\repository\org\springframework\spring-aop\5.0.8.RELEASE\spring-aop-5.0.8.RELEASE.jar;C:\Users\lifulai\.m2\repository\org\springframework\spring-expression\5.0.8.RELEASE\spring-expression-5.0.8.RELEASE.jar;C:\Users\lifulai\.m2\repository\org\springframework\boot\spring-boot-starter-data-elasticsearch\2.0.4.RELEASE\spring-boot-starter-data-elasticsearch-2.0.4.RELEASE.jar;C:\Users\lifulai\.m2\repository\org\springframework\data\spring-data-elasticsearch\3.0.9.RELEASE\spring-data-elasticsearch-3.0.9.RELEASE.jar;C:\Users\lifulai\.m2\repository\org\springframework\spring-tx\5.0.8.RELEASE\spring-tx-5.0.8.RELEASE.jar;C:\Users\lifulai\.m2\repository\org\springframework\data\spring-data-commons\2.0.9.RELEASE\spring-data-commons-2.0.9.RELEASE.jar;C:\Users\lifulai\.m2\repository\joda-time\joda-time\2.9.9\joda-time-2.9.9.jar;C:\Users\lifulai\.m2\repository\org\elasticsearch\client\transport\5.6.10\transport-5.6.10.jar;C:\Users\lifulai\.m2\repository\org\elasticsearch\elasticsearch\5.6.10\elasticsearch-5.6.10.jar;C:\Users\lifulai\.m2\repository\org\apache\lucene\lucene-core\6.6.1\lucene-core-6.6.1.jar;C:\Users\lifulai\.m2\repository\org\apache\lucene\lucene-analyzers-common\6.6.1\lucene-analyzers-common-6.6.1.jar;C:\Users\lifulai\.m2\repository\org\apache\lucene\lucene-backward-codecs\6.6.1\lucene-backward-codecs-6.6.1.jar;C:\Users\lifulai\.m2\repository\org\apache\lucene\lucene-grouping\6.6.1\lucene-grouping-6.6.1.jar;C:\Users\lifulai\.m2\repository\org\apache\lucene\lucene-highlighter\6.6.1\lucene-highlighter-6.6.1.jar;C:\Users\lifulai\.m2\repository\org\apache\lucene\lucene-join\6.6.1\lucene-join-6.6.1.jar;C:\Users\lifulai\.m2\repository\org\apache\lucene\lucene-memory\6.6.1\lucene-memory-6.6.1.jar;C:\Users\lifulai\.m2\repository\org\apache\lucene\lucene-misc\6.6.1\lucene-misc-6.6.1.jar;C:\Users\lifulai\.m2\repository\org\apache\lucene\lucene-queries\6.6.1\lucene-queries-6.6.1.jar;C:\Users\lifulai\.m2\repository\org\apache\lucene\lucene-queryparser\6.6.1\lucene-queryparser-6.6.1.jar;C:\Users\lifulai\.m2\repository\org\apache\lucene\lucene-sandbox\6.6.1\lucene-sandbox-6.6.1.jar;C:\Users\lifulai\.m2\repository\org\apache\lucene\lucene-spatial\6.6.1\lucene-spatial-6.6.1.jar;C:\Users\lifulai\.m2\repository\org\apache\lucene\lucene-spatial-extras\6.6.1\lucene-spatial-extras-6.6.1.jar;C:\Users\lifulai\.m2\repository\org\apache\lucene\lucene-spatial3d\6.6.1\lucene-spatial3d-6.6.1.jar;C:\Users\lifulai\.m2\repository\org\apache\lucene\lucene-suggest\6.6.1\lucene-suggest-6.6.1.jar;C:\Users\lifulai\.m2\repository\org\elasticsearch\securesm\1.2\securesm-1.2.jar;C:\Users\lifulai\.m2\repository\net\sf\jopt-simple\jopt-simple\5.0.2\jopt-simple-5.0.2.jar;C:\Users\lifulai\.m2\repository\com\carrotsearch\hppc\0.7.1\hppc-0.7.1.jar;C:\Users\lifulai\.m2\repository\com\fasterxml\jackson\dataformat\jackson-dataformat-smile\2.9.6\jackson-dataformat-smile-2.9.6.jar;C:\Users\lifulai\.m2\repository\com\fasterxml\jackson\dataformat\jackson-dataformat-yaml\2.9.6\jackson-dataformat-yaml-2.9.6.jar;C:\Users\lifulai\.m2\repository\com\fasterxml\jackson\dataformat\jackson-dataformat-cbor\2.9.6\jackson-dataformat-cbor-2.9.6.jar;C:\Users\lifulai\.m2\repository\com\tdunning\t-digest\3.0\t-digest-3.0.jar;C:\Users\lifulai\.m2\repository\org\elasticsearch\plugin\reindex-client\5.6.10\reindex-client-5.6.10.jar;C:\Users\lifulai\.m2\repository\org\elasticsearch\client\elasticsearch-rest-client\5.6.10\elasticsearch-rest-client-5.6.10.jar;C:\Users\lifulai\.m2\repository\org\apache\httpcomponents\httpasyncclient\4.1.3\httpasyncclient-4.1.3.jar;C:\Users\lifulai\.m2\repository\org\apache\httpcomponents\httpcore-nio\4.4.10\httpcore-nio-4.4.10.jar;C:\Users\lifulai\.m2\repository\org\elasticsearch\plugin\lang-mustache-client\5.6.10\lang-mustache-client-5.6.10.jar;C:\Users\lifulai\.m2\repository\com\github\spullara\mustache\java\compiler\0.9.3\compiler-0.9.3.jar;C:\Users\lifulai\.m2\repository\org\elasticsearch\plugin\percolator-client\5.6.10\percolator-client-5.6.10.jar;C:\Users\lifulai\.m2\repository\org\elasticsearch\plugin\parent-join-client\5.6.10\parent-join-client-5.6.10.jar;C:\Users\lifulai\.m2\repository\org\elasticsearch\plugin\transport-netty4-client\5.6.10\transport-netty4-client-5.6.10.jar;C:\Users\lifulai\.m2\repository\io\netty\netty-buffer\4.1.27.Final\netty-buffer-4.1.27.Final.jar;C:\Users\lifulai\.m2\repository\io\netty\netty-codec\4.1.27.Final\netty-codec-4.1.27.Final.jar;C:\Users\lifulai\.m2\repository\io\netty\netty-codec-http\4.1.27.Final\netty-codec-http-4.1.27.Final.jar;C:\Users\lifulai\.m2\repository\io\netty\netty-common\4.1.27.Final\netty-common-4.1.27.Final.jar;C:\Users\lifulai\.m2\repository\io\netty\netty-handler\4.1.27.Final\netty-handler-4.1.27.Final.jar;C:\Users\lifulai\.m2\repository\io\netty\netty-resolver\4.1.27.Final\netty-resolver-4.1.27.Final.jar;C:\Users\lifulai\.m2\repository\io\netty\netty-transport\4.1.27.Final\netty-transport-4.1.27.Final.jar;C:\Users\lifulai\.m2\repository\org\locationtech\spatial4j\spatial4j\0.6\spatial4j-0.6.jar;C:\Users\lifulai\.m2\repository\com\vividsolutions\jts\1.13\jts-1.13.jar;C:\Users\lifulai\.m2\repository\org\apache\logging\log4j\log4j-api\2.10.0\log4j-api-2.10.0.jar;C:\Users\lifulai\.m2\repository\org\elasticsearch\jna\4.4.0-1\jna-4.4.0-1.jar;C:\Users\lifulai\.m2\repository\org\springframework\cloud\spring-cloud-starter-openfeign\2.0.1.RELEASE\spring-cloud-starter-openfeign-2.0.1.RELEASE.jar;C:\Users\lifulai\.m2\repository\org\springframework\cloud\spring-cloud-openfeign-core\2.0.1.RELEASE\spring-cloud-openfeign-core-2.0.1.RELEASE.jar;C:\Users\lifulai\.m2\repository\org\springframework\cloud\spring-cloud-commons\2.0.1.RELEASE\spring-cloud-commons-2.0.1.RELEASE.jar;C:\Users\lifulai\.m2\repository\org\springframework\security\spring-security-crypto\5.0.7.RELEASE\spring-security-crypto-5.0.7.RELEASE.jar;C:\Users\lifulai\.m2\repository\io\github\openfeign\feign-core\9.5.1\feign-core-9.5.1.jar;C:\Users\lifulai\.m2\repository\io\github\openfeign\feign-slf4j\9.5.1\feign-slf4j-9.5.1.jar;C:\Users\lifulai\.m2\repository\io\github\openfeign\feign-hystrix\9.5.1\feign-hystrix-9.5.1.jar;C:\Users\lifulai\.m2\repository\com\netflix\hystrix\hystrix-core\1.5.12\hystrix-core-1.5.12.jar;C:\Users\lifulai\.m2\repository\org\hdrhistogram\HdrHistogram\2.1.9\HdrHistogram-2.1.9.jar;C:\Users\lifulai\.m2\repository\io\github\openfeign\feign-java8\9.5.1\feign-java8-9.5.1.jar;C:\Users\lifulai\.m2\repository\org\springframework\boot\spring-boot-starter-test\2.0.4.RELEASE\spring-boot-starter-test-2.0.4.RELEASE.jar;C:\Users\lifulai\.m2\repository\org\springframework\boot\spring-boot-test\2.0.4.RELEASE\spring-boot-test-2.0.4.RELEASE.jar;C:\Users\lifulai\.m2\repository\org\springframework\boot\spring-boot-test-autoconfigure\2.0.4.RELEASE\spring-boot-test-autoconfigure-2.0.4.RELEASE.jar;C:\Users\lifulai\.m2\repository\com\jayway\jsonpath\json-path\2.4.0\json-path-2.4.0.jar;C:\Users\lifulai\.m2\repository\net\minidev\json-smart\2.3\json-smart-2.3.jar;C:\Users\lifulai\.m2\repository\net\minidev\accessors-smart\1.2\accessors-smart-1.2.jar;C:\Users\lifulai\.m2\repository\org\ow2\asm\asm\5.0.4\asm-5.0.4.jar;C:\Users\lifulai\.m2\repository\junit\junit\4.12\junit-4.12.jar;C:\Users\lifulai\.m2\repository\org\assertj\assertj-core\3.9.1\assertj-core-3.9.1.jar;C:\Users\lifulai\.m2\repository\org\mockito\mockito-core\2.15.0\mockito-core-2.15.0.jar;C:\Users\lifulai\.m2\repository\net\bytebuddy\byte-buddy\1.7.11\byte-buddy-1.7.11.jar;C:\Users\lifulai\.m2\repository\net\bytebuddy\byte-buddy-agent\1.7.11\byte-buddy-agent-1.7.11.jar;C:\Users\lifulai\.m2\repository\org\objenesis\objenesis\2.6\objenesis-2.6.jar;C:\Users\lifulai\.m2\repository\org\hamcrest\hamcrest-core\1.3\hamcrest-core-1.3.jar;C:\Users\lifulai\.m2\repository\org\hamcrest\hamcrest-library\1.3\hamcrest-library-1.3.jar;C:\Users\lifulai\.m2\repository\org\skyscreamer\jsonassert\1.5.0\jsonassert-1.5.0.jar;C:\Users\lifulai\.m2\repository\com\vaadin\external\google\android-json\0.0.20131108.vaadin1\android-json-0.0.20131108.vaadin1.jar;C:\Users\lifulai\.m2\repository\org\springframework\spring-core\5.0.8.RELEASE\spring-core-5.0.8.RELEASE.jar;C:\Users\lifulai\.m2\repository\org\springframework\spring-jcl\5.0.8.RELEASE\spring-jcl-5.0.8.RELEASE.jar;C:\Users\lifulai\.m2\repository\org\springframework\spring-test\5.0.8.RELEASE\spring-test-5.0.8.RELEASE.jar;C:\Users\lifulai\.m2\repository\org\xmlunit\xmlunit-core\2.5.1\xmlunit-core-2.5.1.jar;C:\Users\lifulai\.m2\repository\com\leyou\service\ly-item-interface\1.0.0-SNAPSHOT\ly-item-interface-1.0.0-SNAPSHOT.jar;C:\Users\lifulai\.m2\repository\org\projectlombok\lombok\1.16.22\lombok-1.16.22.jar;C:\Users\lifulai\.m2\repository\tk\mybatis\mapper-core\1.0.4\mapper-core-1.0.4.jar;C:\Users\lifulai\.m2\repository\javax\persistence\persistence-api\1.0\persistence-api-1.0.jar;C:\Users\lifulai\.m2\repository\com\fasterxml\jackson\core\jackson-databind\2.9.6\jackson-databind-2.9.6.jar;C:\Users\lifulai\.m2\repository\org\springframework\boot\spring-boot-starter-amqp\2.0.4.RELEASE\spring-boot-starter-amqp-2.0.4.RELEASE.jar;C:\Users\lifulai\.m2\repository\org\springframework\spring-messaging\5.0.8.RELEASE\spring-messaging-5.0.8.RELEASE.jar;C:\Users\lifulai\.m2\repository\org\springframework\amqp\spring-rabbit\2.0.5.RELEASE\spring-rabbit-2.0.5.RELEASE.jar;C:\Users\lifulai\.m2\repository\org\springframework\amqp\spring-amqp\2.0.5.RELEASE\spring-amqp-2.0.5.RELEASE.jar;C:\Users\lifulai\.m2\repository\com\rabbitmq\amqp-client\5.1.2\amqp-client-5.1.2.jar;C:\Users\lifulai\.m2\repository\org\springframework\retry\spring-retry\1.2.2.RELEASE\spring-retry-1.2.2.RELEASE.jar;C:\Users\lifulai\.m2\repository\com\leyou\common\ly-common\1.0.0-SNAPSHOT\ly-common-1.0.0-SNAPSHOT.jar;C:\Users\lifulai\.m2\repository\org\springframework\boot\spring-boot-starter-logging\2.0.4.RELEASE\spring-boot-starter-logging-2.0.4.RELEASE.jar;C:\Users\lifulai\.m2\repository\org\apache\logging\log4j\log4j-to-slf4j\2.10.0\log4j-to-slf4j-2.10.0.jar;C:\Users\lifulai\.m2\repository\org\slf4j\jul-to-slf4j\1.7.25\jul-to-slf4j-1.7.25.jar;C:\Users\lifulai\.m2\repository\org\apache\tomcat\embed\tomcat-embed-core\8.5.32\tomcat-embed-core-8.5.32.jar;C:\Users\lifulai\.m2\repository\org\apache\tomcat\tomcat-annotations-api\8.5.32\tomcat-annotations-api-8.5.32.jar;C:\Users\lifulai\.m2\repository\tk\mybatis\mapper-extra\1.0.1\mapper-extra-1.0.1.jar;C:\Users\lifulai\.m2\repository\tk\mybatis\mapper-base\1.0.1\mapper-base-1.0.1.jar;C:\Users\lifulai\.m2\repository\org\springframework\cloud\spring-cloud-starter-config\2.0.1.RELEASE\spring-cloud-starter-config-2.0.1.RELEASE.jar;C:\Users\lifulai\.m2\repository\org\springframework\cloud\spring-cloud-config-client\2.0.1.RELEASE\spring-cloud-config-client-2.0.1.RELEASE.jar;C:\Users\lifulai\.m2\repository\org\mybatis\spring\boot\mybatis-spring-boot-starter\1.3.2\mybatis-spring-boot-starter-1.3.2.jar;C:\Users\lifulai\.m2\repository\org\springframework\boot\spring-boot-starter-jdbc\2.0.4.RELEASE\spring-boot-starter-jdbc-2.0.4.RELEASE.jar;C:\Users\lifulai\.m2\repository\com\zaxxer\HikariCP\2.7.9\HikariCP-2.7.9.jar;C:\Users\lifulai\.m2\repository\org\springframework\spring-jdbc\5.0.8.RELEASE\spring-jdbc-5.0.8.RELEASE.jar;C:\Users\lifulai\.m2\repository\org\mybatis\spring\boot\mybatis-spring-boot-autoconfigure\1.3.2\mybatis-spring-boot-autoconfigure-1.3.2.jar;C:\Users\lifulai\.m2\repository\org\mybatis\mybatis\3.4.6\mybatis-3.4.6.jar;C:\Users\lifulai\.m2\repository\org\mybatis\mybatis-spring\1.3.2\mybatis-spring-1.3.2.jar;C:\Users\lifulai\.m2\repository\tk\mybatis\mapper-spring-boot-starter\2.0.2\mapper-spring-boot-starter-2.0.2.jar;C:\Users\lifulai\.m2\repository\tk\mybatis\mapper-weekend\1.1.3\mapper-weekend-1.1.3.jar;C:\Users\lifulai\.m2\repository\tk\mybatis\mapper-spring\1.0.1\mapper-spring-1.0.1.jar;C:\Users\lifulai\.m2\repository\tk\mybatis\mapper-spring-boot-autoconfigure\2.0.2\mapper-spring-boot-autoconfigure-2.0.2.jar;C:\Users\lifulai\.m2\repository\com\github\pagehelper\pagehelper-spring-boot-starter\1.2.3\pagehelper-spring-boot-starter-1.2.3.jar;C:\Users\lifulai\.m2\repository\com\github\pagehelper\pagehelper-spring-boot-autoconfigure\1.2.3\pagehelper-spring-boot-autoconfigure-1.2.3.jar;C:\Users\lifulai\.m2\repository\com\github\pagehelper\pagehelper\5.1.2\pagehelper-5.1.2.jar;C:\Users\lifulai\.m2\repository\com\github\jsqlparser\jsqlparser\1.0\jsqlparser-1.0.jar;C:\Users\lifulai\.m2\repository\mysql\mysql-connector-java\5.1.5\mysql-connector-java-5.1.5.jar;C:\Users\lifulai\.m2\repository\com\github\tobato\fastdfs-client\1.26.2\fastdfs-client-1.26.2.jar;C:\Users\lifulai\.m2\repository\org\slf4j\slf4j-api\1.7.25\slf4j-api-1.7.25.jar;C:\Users\lifulai\.m2\repository\org\slf4j\jcl-over-slf4j\1.7.25\jcl-over-slf4j-1.7.25.jar;C:\Users\lifulai\.m2\repository\ch\qos\logback\logback-classic\1.2.3\logback-classic-1.2.3.jar;C:\Users\lifulai\.m2\repository\ch\qos\logback\logback-core\1.2.3\logback-core-1.2.3.jar;C:\Users\lifulai\.m2\repository\commons-beanutils\commons-beanutils\1.9.1\commons-beanutils-1.9.1.jar;C:\Users\lifulai\.m2\repository\commons-collections\commons-collections\3.2.1\commons-collections-3.2.1.jar;C:\Users\lifulai\.m2\repository\commons-io\commons-io\2.4\commons-io-2.4.jar;C:\Users\lifulai\.m2\repository\org\apache\commons\commons-pool2\2.5.0\commons-pool2-2.5.0.jar;C:\Users\lifulai\.m2\repository\org\springframework\boot\spring-boot-autoconfigure\2.0.4.RELEASE\spring-boot-autoconfigure-2.0.4.RELEASE.jar;C:\Users\lifulai\.m2\repository\org\mockito\mockito-all\1.9.5\mockito-all-1.9.5.jar;C:\Users\lifulai\.m2\repository\org\springframework\spring-context\5.0.8.RELEASE\spring-context-5.0.8.RELEASE.jar;C:\Users\lifulai\.m2\repository\net\coobird\thumbnailator\0.4.8\thumbnailator-0.4.8.jar;C:\Users\lifulai\.m2\repository\org\apache\commons\commons-lang3\3.7\commons-lang3-3.7.jar;, java.specification.name=Java Platform API Specification, java.class.version=52.0, sun.management.compiler=HotSpot 64-Bit Tiered Compilers, os.version=10.0, user.home=C:\Users\lifulai, user.timezone=Asia/Shanghai, java.awt.printerjob=sun.awt.windows.WPrinterJob, file.encoding=GBK, java.specification.version=1.8, java.class.path=D:\BaiduNetdiskDownload\xx\pinyou\hwj_ly_project\ly-search\target\test-classes;D:\BaiduNetdiskDownload\xx\pinyou\hwj_ly_project\ly-search\target\classes;C:\Users\lifulai\.m2\repository\org\springframework\cloud\spring-cloud-starter-netflix-eureka-client\2.0.1.RELEASE\spring-cloud-starter-netflix-eureka-client-2.0.1.RELEASE.jar;C:\Users\lifulai\.m2\repository\org\springframework\cloud\spring-cloud-starter\2.0.1.RELEASE\spring-cloud-starter-2.0.1.RELEASE.jar;C:\Users\lifulai\.m2\repository\org\springframework\cloud\spring-cloud-context\2.0.1.RELEASE\spring-cloud-context-2.0.1.RELEASE.jar;C:\Users\lifulai\.m2\repository\org\springframework\security\spring-security-rsa\1.0.5.RELEASE\spring-security-rsa-1.0.5.RELEASE.jar;C:\Users\lifulai\.m2\repository\org\bouncycastle\bcpkix-jdk15on\1.56\bcpkix-jdk15on-1.56.jar;C:\Users\lifulai\.m2\repository\org\bouncycastle\bcprov-jdk15on\1.56\bcprov-jdk15on-1.56.jar;C:\Users\lifulai\.m2\repository\org\springframework\cloud\spring-cloud-netflix-core\2.0.1.RELEASE\spring-cloud-netflix-core-2.0.1.RELEASE.jar;C:\Users\lifulai\.m2\repository\org\springframework\boot\spring-boot-starter-aop\2.0.4.RELEASE\spring-boot-starter-aop-2.0.4.RELEASE.jar;C:\Users\lifulai\.m2\repository\org\aspectj\aspectjweaver\1.8.13\aspectjweaver-1.8.13.jar;C:\Users\lifulai\.m2\repository\org\springframework\cloud\spring-cloud-netflix-eureka-client\2.0.1.RELEASE\spring-cloud-netflix-eureka-client-2.0.1.RELEASE.jar;C:\Users\lifulai\.m2\repository\com\netflix\eureka\eureka-client\1.9.3\eureka-client-1.9.3.jar;C:\Users\lifulai\.m2\repository\org\codehaus\jettison\jettison\1.3.7\jettison-1.3.7.jar;C:\Users\lifulai\.m2\repository\stax\stax-api\1.0.1\stax-api-1.0.1.jar;C:\Users\lifulai\.m2\repository\com\netflix\netflix-commons\netflix-eventbus\0.3.0\netflix-eventbus-0.3.0.jar;C:\Users\lifulai\.m2\repository\com\netflix\netflix-commons\netflix-infix\0.3.0\netflix-infix-0.3.0.jar;C:\Users\lifulai\.m2\repository\commons-jxpath\commons-jxpath\1.3\commons-jxpath-1.3.jar;C:\Users\lifulai\.m2\repository\org\antlr\antlr-runtime\3.4\antlr-runtime-3.4.jar;C:\Users\lifulai\.m2\repository\org\antlr\stringtemplate\3.2.1\stringtemplate-3.2.1.jar;C:\Users\lifulai\.m2\repository\antlr\antlr\2.7.7\antlr-2.7.7.jar;C:\Users\lifulai\.m2\repository\com\google\code\gson\gson\2.8.5\gson-2.8.5.jar;C:\Users\lifulai\.m2\repository\org\apache\commons\commons-math\2.2\commons-math-2.2.jar;C:\Users\lifulai\.m2\repository\com\netflix\archaius\archaius-core\0.7.6\archaius-core-0.7.6.jar;C:\Users\lifulai\.m2\repository\com\google\guava\guava\16.0\guava-16.0.jar;C:\Users\lifulai\.m2\repository\javax\ws\rs\jsr311-api\1.1.1\jsr311-api-1.1.1.jar;C:\Users\lifulai\.m2\repository\com\netflix\servo\servo-core\0.12.21\servo-core-0.12.21.jar;C:\Users\lifulai\.m2\repository\com\sun\jersey\jersey-core\1.19.1\jersey-core-1.19.1.jar;C:\Users\lifulai\.m2\repository\com\sun\jersey\jersey-client\1.19.1\jersey-client-1.19.1.jar;C:\Users\lifulai\.m2\repository\com\sun\jersey\contribs\jersey-apache-client4\1.19.1\jersey-apache-client4-1.19.1.jar;C:\Users\lifulai\.m2\repository\org\apache\httpcomponents\httpclient\4.5.6\httpclient-4.5.6.jar;C:\Users\lifulai\.m2\repository\org\apache\httpcomponents\httpcore\4.4.10\httpcore-4.4.10.jar;C:\Users\lifulai\.m2\repository\commons-codec\commons-codec\1.11\commons-codec-1.11.jar;C:\Users\lifulai\.m2\repository\com\google\inject\guice\4.1.0\guice-4.1.0.jar;C:\Users\lifulai\.m2\repository\javax\inject\javax.inject\1\javax.inject-1.jar;C:\Users\lifulai\.m2\repository\aopalliance\aopalliance\1.0\aopalliance-1.0.jar;C:\Users\lifulai\.m2\repository\com\github\vlsi\compactmap\compactmap\1.2.1\compactmap-1.2.1.jar;C:\Users\lifulai\.m2\repository\com\github\andrewoma\dexx\dexx-collections\0.2\dexx-collections-0.2.jar;C:\Users\lifulai\.m2\repository\com\fasterxml\jackson\core\jackson-annotations\2.9.0\jackson-annotations-2.9.0.jar;C:\Users\lifulai\.m2\repository\com\fasterxml\jackson\core\jackson-core\2.9.6\jackson-core-2.9.6.jar;C:\Users\lifulai\.m2\repository\com\netflix\eureka\eureka-core\1.9.3\eureka-core-1.9.3.jar;C:\Users\lifulai\.m2\repository\org\codehaus\woodstox\woodstox-core-asl\4.4.1\woodstox-core-asl-4.4.1.jar;C:\Users\lifulai\.m2\repository\javax\xml\stream\stax-api\1.0-2\stax-api-1.0-2.jar;C:\Users\lifulai\.m2\repository\org\codehaus\woodstox\stax2-api\3.1.4\stax2-api-3.1.4.jar;C:\Users\lifulai\.m2\repository\org\springframework\cloud\spring-cloud-starter-netflix-archaius\2.0.1.RELEASE\spring-cloud-starter-netflix-archaius-2.0.1.RELEASE.jar;C:\Users\lifulai\.m2\repository\org\springframework\cloud\spring-cloud-netflix-ribbon\2.0.1.RELEASE\spring-cloud-netflix-ribbon-2.0.1.RELEASE.jar;C:\Users\lifulai\.m2\repository\org\springframework\cloud\spring-cloud-netflix-archaius\2.0.1.RELEASE\spring-cloud-netflix-archaius-2.0.1.RELEASE.jar;C:\Users\lifulai\.m2\repository\commons-configuration\commons-configuration\1.8\commons-configuration-1.8.jar;C:\Users\lifulai\.m2\repository\commons-lang\commons-lang\2.6\commons-lang-2.6.jar;C:\Users\lifulai\.m2\repository\org\springframework\cloud\spring-cloud-starter-netflix-ribbon\2.0.1.RELEASE\spring-cloud-starter-netflix-ribbon-2.0.1.RELEASE.jar;C:\Users\lifulai\.m2\repository\com\netflix\ribbon\ribbon\2.2.5\ribbon-2.2.5.jar;C:\Users\lifulai\.m2\repository\com\netflix\ribbon\ribbon-transport\2.2.5\ribbon-transport-2.2.5.jar;C:\Users\lifulai\.m2\repository\io\reactivex\rxnetty-contexts\0.4.9\rxnetty-contexts-0.4.9.jar;C:\Users\lifulai\.m2\repository\io\reactivex\rxnetty-servo\0.4.9\rxnetty-servo-0.4.9.jar;C:\Users\lifulai\.m2\repository\io\reactivex\rxnetty\0.4.9\rxnetty-0.4.9.jar;C:\Users\lifulai\.m2\repository\io\netty\netty-transport-native-epoll\4.1.27.Final\netty-transport-native-epoll-4.1.27.Final.jar;C:\Users\lifulai\.m2\repository\io\netty\netty-transport-native-unix-common\4.1.27.Final\netty-transport-native-unix-common-4.1.27.Final.jar;C:\Users\lifulai\.m2\repository\com\netflix\ribbon\ribbon-core\2.2.5\ribbon-core-2.2.5.jar;C:\Users\lifulai\.m2\repository\com\netflix\ribbon\ribbon-httpclient\2.2.5\ribbon-httpclient-2.2.5.jar;C:\Users\lifulai\.m2\repository\com\netflix\netflix-commons\netflix-commons-util\0.3.0\netflix-commons-util-0.3.0.jar;C:\Users\lifulai\.m2\repository\com\netflix\ribbon\ribbon-loadbalancer\2.2.5\ribbon-loadbalancer-2.2.5.jar;C:\Users\lifulai\.m2\repository\com\netflix\netflix-commons\netflix-statistics\0.1.1\netflix-statistics-0.1.1.jar;C:\Users\lifulai\.m2\repository\io\reactivex\rxjava\1.3.8\rxjava-1.3.8.jar;C:\Users\lifulai\.m2\repository\com\netflix\ribbon\ribbon-eureka\2.2.5\ribbon-eureka-2.2.5.jar;C:\Users\lifulai\.m2\repository\com\thoughtworks\xstream\xstream\1.4.10\xstream-1.4.10.jar;C:\Users\lifulai\.m2\repository\xmlpull\xmlpull\1.1.3.1\xmlpull-1.1.3.1.jar;C:\Users\lifulai\.m2\repository\xpp3\xpp3_min\1.1.4c\xpp3_min-1.1.4c.jar;C:\Users\lifulai\.m2\repository\org\springframework\boot\spring-boot-starter-web\2.0.4.RELEASE\spring-boot-starter-web-2.0.4.RELEASE.jar;C:\Users\lifulai\.m2\repository\org\springframework\boot\spring-boot-starter\2.0.4.RELEASE\spring-boot-starter-2.0.4.RELEASE.jar;C:\Users\lifulai\.m2\repository\org\springframework\boot\spring-boot\2.0.4.RELEASE\spring-boot-2.0.4.RELEASE.jar;C:\Users\lifulai\.m2\repository\javax\annotation\javax.annotation-api\1.3.2\javax.annotation-api-1.3.2.jar;C:\Users\lifulai\.m2\repository\org\yaml\snakeyaml\1.19\snakeyaml-1.19.jar;C:\Users\lifulai\.m2\repository\org\springframework\boot\spring-boot-starter-json\2.0.4.RELEASE\spring-boot-starter-json-2.0.4.RELEASE.jar;C:\Users\lifulai\.m2\repository\com\fasterxml\jackson\datatype\jackson-datatype-jdk8\2.9.6\jackson-datatype-jdk8-2.9.6.jar;C:\Users\lifulai\.m2\repository\com\fasterxml\jackson\datatype\jackson-datatype-jsr310\2.9.6\jackson-datatype-jsr310-2.9.6.jar;C:\Users\lifulai\.m2\repository\com\fasterxml\jackson\module\jackson-module-parameter-names\2.9.6\jackson-module-parameter-names-2.9.6.jar;C:\Users\lifulai\.m2\repository\org\springframework\boot\spring-boot-starter-tomcat\2.0.4.RELEASE\spring-boot-starter-tomcat-2.0.4.RELEASE.jar;C:\Users\lifulai\.m2\repository\org\apache\tomcat\embed\tomcat-embed-el\8.5.32\tomcat-embed-el-8.5.32.jar;C:\Users\lifulai\.m2\repository\org\apache\tomcat\embed\tomcat-embed-websocket\8.5.32\tomcat-embed-websocket-8.5.32.jar;C:\Users\lifulai\.m2\repository\org\hibernate\validator\hibernate-validator\6.0.11.Final\hibernate-validator-6.0.11.Final.jar;C:\Users\lifulai\.m2\repository\javax\validation\validation-api\2.0.1.Final\validation-api-2.0.1.Final.jar;C:\Users\lifulai\.m2\repository\org\jboss\logging\jboss-logging\3.3.2.Final\jboss-logging-3.3.2.Final.jar;C:\Users\lifulai\.m2\repository\com\fasterxml\classmate\1.3.4\classmate-1.3.4.jar;C:\Users\lifulai\.m2\repository\org\springframework\spring-web\5.0.8.RELEASE\spring-web-5.0.8.RELEASE.jar;C:\Users\lifulai\.m2\repository\org\springframework\spring-beans\5.0.8.RELEASE\spring-beans-5.0.8.RELEASE.jar;C:\Users\lifulai\.m2\repository\org\springframework\spring-webmvc\5.0.8.RELEASE\spring-webmvc-5.0.8.RELEASE.jar;C:\Users\lifulai\.m2\repository\org\springframework\spring-aop\5.0.8.RELEASE\spring-aop-5.0.8.RELEASE.jar;C:\Users\lifulai\.m2\repository\org\springframework\spring-expression\5.0.8.RELEASE\spring-expression-5.0.8.RELEASE.jar;C:\Users\lifulai\.m2\repository\org\springframework\boot\spring-boot-starter-data-elasticsearch\2.0.4.RELEASE\spring-boot-starter-data-elasticsearch-2.0.4.RELEASE.jar;C:\Users\lifulai\.m2\repository\org\springframework\data\spring-data-elasticsearch\3.0.9.RELEASE\spring-data-elasticsearch-3.0.9.RELEASE.jar;C:\Users\lifulai\.m2\repository\org\springframework\spring-tx\5.0.8.RELEASE\spring-tx-5.0.8.RELEASE.jar;C:\Users\lifulai\.m2\repository\org\springframework\data\spring-data-commons\2.0.9.RELEASE\spring-data-commons-2.0.9.RELEASE.jar;C:\Users\lifulai\.m2\repository\joda-time\joda-time\2.9.9\joda-time-2.9.9.jar;C:\Users\lifulai\.m2\repository\org\elasticsearch\client\transport\5.6.10\transport-5.6.10.jar;C:\Users\lifulai\.m2\repository\org\elasticsearch\elasticsearch\5.6.10\elasticsearch-5.6.10.jar;C:\Users\lifulai\.m2\repository\org\apache\lucene\lucene-core\6.6.1\lucene-core-6.6.1.jar;C:\Users\lifulai\.m2\repository\org\apache\lucene\lucene-analyzers-common\6.6.1\lucene-analyzers-common-6.6.1.jar;C:\Users\lifulai\.m2\repository\org\apache\lucene\lucene-backward-codecs\6.6.1\lucene-backward-codecs-6.6.1.jar;C:\Users\lifulai\.m2\repository\org\apache\lucene\lucene-grouping\6.6.1\lucene-grouping-6.6.1.jar;C:\Users\lifulai\.m2\repository\org\apache\lucene\lucene-highlighter\6.6.1\lucene-highlighter-6.6.1.jar;C:\Users\lifulai\.m2\repository\org\apache\lucene\lucene-join\6.6.1\lucene-join-6.6.1.jar;C:\Users\lifulai\.m2\repository\org\apache\lucene\lucene-memory\6.6.1\lucene-memory-6.6.1.jar;C:\Users\lifulai\.m2\repository\org\apache\lucene\lucene-misc\6.6.1\lucene-misc-6.6.1.jar;C:\Users\lifulai\.m2\repository\org\apache\lucene\lucene-queries\6.6.1\lucene-queries-6.6.1.jar;C:\Users\lifulai\.m2\repository\org\apache\lucene\lucene-queryparser\6.6.1\lucene-queryparser-6.6.1.jar;C:\Users\lifulai\.m2\repository\org\apache\lucene\lucene-sandbox\6.6.1\lucene-sandbox-6.6.1.jar;C:\Users\lifulai\.m2\repository\org\apache\lucene\lucene-spatial\6.6.1\lucene-spatial-6.6.1.jar;C:\Users\lifulai\.m2\repository\org\apache\lucene\lucene-spatial-extras\6.6.1\lucene-spatial-extras-6.6.1.jar;C:\Users\lifulai\.m2\repository\org\apache\lucene\lucene-spatial3d\6.6.1\lucene-spatial3d-6.6.1.jar;C:\Users\lifulai\.m2\repository\org\apache\lucene\lucene-suggest\6.6.1\lucene-suggest-6.6.1.jar;C:\Users\lifulai\.m2\repository\org\elasticsearch\securesm\1.2\securesm-1.2.jar;C:\Users\lifulai\.m2\repository\net\sf\jopt-simple\jopt-simple\5.0.2\jopt-simple-5.0.2.jar;C:\Users\lifulai\.m2\repository\com\carrotsearch\hppc\0.7.1\hppc-0.7.1.jar;C:\Users\lifulai\.m2\repository\com\fasterxml\jackson\dataformat\jackson-dataformat-smile\2.9.6\jackson-dataformat-smile-2.9.6.jar;C:\Users\lifulai\.m2\repository\com\fasterxml\jackson\dataformat\jackson-dataformat-yaml\2.9.6\jackson-dataformat-yaml-2.9.6.jar;C:\Users\lifulai\.m2\repository\com\fasterxml\jackson\dataformat\jackson-dataformat-cbor\2.9.6\jackson-dataformat-cbor-2.9.6.jar;C:\Users\lifulai\.m2\repository\com\tdunning\t-digest\3.0\t-digest-3.0.jar;C:\Users\lifulai\.m2\repository\org\elasticsearch\plugin\reindex-client\5.6.10\reindex-client-5.6.10.jar;C:\Users\lifulai\.m2\repository\org\elasticsearch\client\elasticsearch-rest-client\5.6.10\elasticsearch-rest-client-5.6.10.jar;C:\Users\lifulai\.m2\repository\org\apache\httpcomponents\httpasyncclient\4.1.3\httpasyncclient-4.1.3.jar;C:\Users\lifulai\.m2\repository\org\apache\httpcomponents\httpcore-nio\4.4.10\httpcore-nio-4.4.10.jar;C:\Users\lifulai\.m2\repository\org\elasticsearch\plugin\lang-mustache-client\5.6.10\lang-mustache-client-5.6.10.jar;C:\Users\lifulai\.m2\repository\com\github\spullara\mustache\java\compiler\0.9.3\compiler-0.9.3.jar;C:\Users\lifulai\.m2\repository\org\elasticsearch\plugin\percolator-client\5.6.10\percolator-client-5.6.10.jar;C:\Users\lifulai\.m2\repository\org\elasticsearch\plugin\parent-join-client\5.6.10\parent-join-client-5.6.10.jar;C:\Users\lifulai\.m2\repository\org\elasticsearch\plugin\transport-netty4-client\5.6.10\transport-netty4-client-5.6.10.jar;C:\Users\lifulai\.m2\repository\io\netty\netty-buffer\4.1.27.Final\netty-buffer-4.1.27.Final.jar;C:\Users\lifulai\.m2\repository\io\netty\netty-codec\4.1.27.Final\netty-codec-4.1.27.Final.jar;C:\Users\lifulai\.m2\repository\io\netty\netty-codec-http\4.1.27.Final\netty-codec-http-4.1.27.Final.jar;C:\Users\lifulai\.m2\repository\io\netty\netty-common\4.1.27.Final\netty-common-4.1.27.Final.jar;C:\Users\lifulai\.m2\repository\io\netty\netty-handler\4.1.27.Final\netty-handler-4.1.27.Final.jar;C:\Users\lifulai\.m2\repository\io\netty\netty-resolver\4.1.27.Final\netty-resolver-4.1.27.Final.jar;C:\Users\lifulai\.m2\repository\io\netty\netty-transport\4.1.27.Final\netty-transport-4.1.27.Final.jar;C:\Users\lifulai\.m2\repository\org\locationtech\spatial4j\spatial4j\0.6\spatial4j-0.6.jar;C:\Users\lifulai\.m2\repository\com\vividsolutions\jts\1.13\jts-1.13.jar;C:\Users\lifulai\.m2\repository\org\apache\logging\log4j\log4j-api\2.10.0\log4j-api-2.10.0.jar;C:\Users\lifulai\.m2\repository\org\elasticsearch\jna\4.4.0-1\jna-4.4.0-1.jar;C:\Users\lifulai\.m2\repository\org\springframework\cloud\spring-cloud-starter-openfeign\2.0.1.RELEASE\spring-cloud-starter-openfeign-2.0.1.RELEASE.jar;C:\Users\lifulai\.m2\repository\org\springframework\cloud\spring-cloud-openfeign-core\2.0.1.RELEASE\spring-cloud-openfeign-core-2.0.1.RELEASE.jar;C:\Users\lifulai\.m2\repository\org\springframework\cloud\spring-cloud-commons\2.0.1.RELEASE\spring-cloud-commons-2.0.1.RELEASE.jar;C:\Users\lifulai\.m2\repository\org\springframework\security\spring-security-crypto\5.0.7.RELEASE\spring-security-crypto-5.0.7.RELEASE.jar;C:\Users\lifulai\.m2\repository\io\github\openfeign\feign-core\9.5.1\feign-core-9.5.1.jar;C:\Users\lifulai\.m2\repository\io\github\openfeign\feign-slf4j\9.5.1\feign-slf4j-9.5.1.jar;C:\Users\lifulai\.m2\repository\io\github\openfeign\feign-hystrix\9.5.1\feign-hystrix-9.5.1.jar;C:\Users\lifulai\.m2\repository\com\netflix\hystrix\hystrix-core\1.5.12\hystrix-core-1.5.12.jar;C:\Users\lifulai\.m2\repository\org\hdrhistogram\HdrHistogram\2.1.9\HdrHistogram-2.1.9.jar;C:\Users\lifulai\.m2\repository\io\github\openfeign\feign-java8\9.5.1\feign-java8-9.5.1.jar;C:\Users\lifulai\.m2\repository\org\springframework\boot\spring-boot-starter-test\2.0.4.RELEASE\spring-boot-starter-test-2.0.4.RELEASE.jar;C:\Users\lifulai\.m2\repository\org\springframework\boot\spring-boot-test\2.0.4.RELEASE\spring-boot-test-2.0.4.RELEASE.jar;C:\Users\lifulai\.m2\repository\org\springframework\boot\spring-boot-test-autoconfigure\2.0.4.RELEASE\spring-boot-test-autoconfigure-2.0.4.RELEASE.jar;C:\Users\lifulai\.m2\repository\com\jayway\jsonpath\json-path\2.4.0\json-path-2.4.0.jar;C:\Users\lifulai\.m2\repository\net\minidev\json-smart\2.3\json-smart-2.3.jar;C:\Users\lifulai\.m2\repository\net\minidev\accessors-smart\1.2\accessors-smart-1.2.jar;C:\Users\lifulai\.m2\repository\org\ow2\asm\asm\5.0.4\asm-5.0.4.jar;C:\Users\lifulai\.m2\repository\junit\junit\4.12\junit-4.12.jar;C:\Users\lifulai\.m2\repository\org\assertj\assertj-core\3.9.1\assertj-core-3.9.1.jar;C:\Users\lifulai\.m2\repository\org\mockito\mockito-core\2.15.0\mockito-core-2.15.0.jar;C:\Users\lifulai\.m2\repository\net\bytebuddy\byte-buddy\1.7.11\byte-buddy-1.7.11.jar;C:\Users\lifulai\.m2\repository\net\bytebuddy\byte-buddy-agent\1.7.11\byte-buddy-agent-1.7.11.jar;C:\Users\lifulai\.m2\repository\org\objenesis\objenesis\2.6\objenesis-2.6.jar;C:\Users\lifulai\.m2\repository\org\hamcrest\hamcrest-core\1.3\hamcrest-core-1.3.jar;C:\Users\lifulai\.m2\repository\org\hamcrest\hamcrest-library\1.3\hamcrest-library-1.3.jar;C:\Users\lifulai\.m2\repository\org\skyscreamer\jsonassert\1.5.0\jsonassert-1.5.0.jar;C:\Users\lifulai\.m2\repository\com\vaadin\external\google\android-json\0.0.20131108.vaadin1\android-json-0.0.20131108.vaadin1.jar;C:\Users\lifulai\.m2\repository\org\springframework\spring-core\5.0.8.RELEASE\spring-core-5.0.8.RELEASE.jar;C:\Users\lifulai\.m2\repository\org\springframework\spring-jcl\5.0.8.RELEASE\spring-jcl-5.0.8.RELEASE.jar;C:\Users\lifulai\.m2\repository\org\springframework\spring-test\5.0.8.RELEASE\spring-test-5.0.8.RELEASE.jar;C:\Users\lifulai\.m2\repository\org\xmlunit\xmlunit-core\2.5.1\xmlunit-core-2.5.1.jar;C:\Users\lifulai\.m2\repository\com\leyou\service\ly-item-interface\1.0.0-SNAPSHOT\ly-item-interface-1.0.0-SNAPSHOT.jar;C:\Users\lifulai\.m2\repository\org\projectlombok\lombok\1.16.22\lombok-1.16.22.jar;C:\Users\lifulai\.m2\repository\tk\mybatis\mapper-core\1.0.4\mapper-core-1.0.4.jar;C:\Users\lifulai\.m2\repository\javax\persistence\persistence-api\1.0\persistence-api-1.0.jar;C:\Users\lifulai\.m2\repository\com\fasterxml\jackson\core\jackson-databind\2.9.6\jackson-databind-2.9.6.jar;C:\Users\lifulai\.m2\repository\org\springframework\boot\spring-boot-starter-amqp\2.0.4.RELEASE\spring-boot-starter-amqp-2.0.4.RELEASE.jar;C:\Users\lifulai\.m2\repository\org\springframework\spring-messaging\5.0.8.RELEASE\spring-messaging-5.0.8.RELEASE.jar;C:\Users\lifulai\.m2\repository\org\springframework\amqp\spring-rabbit\2.0.5.RELEASE\spring-rabbit-2.0.5.RELEASE.jar;C:\Users\lifulai\.m2\repository\org\springframework\amqp\spring-amqp\2.0.5.RELEASE\spring-amqp-2.0.5.RELEASE.jar;C:\Users\lifulai\.m2\repository\com\rabbitmq\amqp-client\5.1.2\amqp-client-5.1.2.jar;C:\Users\lifulai\.m2\repository\org\springframework\retry\spring-retry\1.2.2.RELEASE\spring-retry-1.2.2.RELEASE.jar;C:\Users\lifulai\.m2\repository\com\leyou\common\ly-common\1.0.0-SNAPSHOT\ly-common-1.0.0-SNAPSHOT.jar;C:\Users\lifulai\.m2\repository\org\springframework\boot\spring-boot-starter-logging\2.0.4.RELEASE\spring-boot-starter-logging-2.0.4.RELEASE.jar;C:\Users\lifulai\.m2\repository\org\apache\logging\log4j\log4j-to-slf4j\2.10.0\log4j-to-slf4j-2.10.0.jar;C:\Users\lifulai\.m2\repository\org\slf4j\jul-to-slf4j\1.7.25\jul-to-slf4j-1.7.25.jar;C:\Users\lifulai\.m2\repository\org\apache\tomcat\embed\tomcat-embed-core\8.5.32\tomcat-embed-core-8.5.32.jar;C:\Users\lifulai\.m2\repository\org\apache\tomcat\tomcat-annotations-api\8.5.32\tomcat-annotations-api-8.5.32.jar;C:\Users\lifulai\.m2\repository\tk\mybatis\mapper-extra\1.0.1\mapper-extra-1.0.1.jar;C:\Users\lifulai\.m2\repository\tk\mybatis\mapper-base\1.0.1\mapper-base-1.0.1.jar;C:\Users\lifulai\.m2\repository\org\springframework\cloud\spring-cloud-starter-config\2.0.1.RELEASE\spring-cloud-starter-config-2.0.1.RELEASE.jar;C:\Users\lifulai\.m2\repository\org\springframework\cloud\spring-cloud-config-client\2.0.1.RELEASE\spring-cloud-config-client-2.0.1.RELEASE.jar;C:\Users\lifulai\.m2\repository\org\mybatis\spring\boot\mybatis-spring-boot-starter\1.3.2\mybatis-spring-boot-starter-1.3.2.jar;C:\Users\lifulai\.m2\repository\org\springframework\boot\spring-boot-starter-jdbc\2.0.4.RELEASE\spring-boot-starter-jdbc-2.0.4.RELEASE.jar;C:\Users\lifulai\.m2\repository\com\zaxxer\HikariCP\2.7.9\HikariCP-2.7.9.jar;C:\Users\lifulai\.m2\repository\org\springframework\spring-jdbc\5.0.8.RELEASE\spring-jdbc-5.0.8.RELEASE.jar;C:\Users\lifulai\.m2\repository\org\mybatis\spring\boot\mybatis-spring-boot-autoconfigure\1.3.2\mybatis-spring-boot-autoconfigure-1.3.2.jar;C:\Users\lifulai\.m2\repository\org\mybatis\mybatis\3.4.6\mybatis-3.4.6.jar;C:\Users\lifulai\.m2\repository\org\mybatis\mybatis-spring\1.3.2\mybatis-spring-1.3.2.jar;C:\Users\lifulai\.m2\repository\tk\mybatis\mapper-spring-boot-starter\2.0.2\mapper-spring-boot-starter-2.0.2.jar;C:\Users\lifulai\.m2\repository\tk\mybatis\mapper-weekend\1.1.3\mapper-weekend-1.1.3.jar;C:\Users\lifulai\.m2\repository\tk\mybatis\mapper-spring\1.0.1\mapper-spring-1.0.1.jar;C:\Users\lifulai\.m2\repository\tk\mybatis\mapper-spring-boot-autoconfigure\2.0.2\mapper-spring-boot-autoconfigure-2.0.2.jar;C:\Users\lifulai\.m2\repository\com\github\pagehelper\pagehelper-spring-boot-starter\1.2.3\pagehelper-spring-boot-starter-1.2.3.jar;C:\Users\lifulai\.m2\repository\com\github\pagehelper\pagehelper-spring-boot-autoconfigure\1.2.3\pagehelper-spring-boot-autoconfigure-1.2.3.jar;C:\Users\lifulai\.m2\repository\com\github\pagehelper\pagehelper\5.1.2\pagehelper-5.1.2.jar;C:\Users\lifulai\.m2\repository\com\github\jsqlparser\jsqlparser\1.0\jsqlparser-1.0.jar;C:\Users\lifulai\.m2\repository\mysql\mysql-connector-java\5.1.5\mysql-connector-java-5.1.5.jar;C:\Users\lifulai\.m2\repository\com\github\tobato\fastdfs-client\1.26.2\fastdfs-client-1.26.2.jar;C:\Users\lifulai\.m2\repository\org\slf4j\slf4j-api\1.7.25\slf4j-api-1.7.25.jar;C:\Users\lifulai\.m2\repository\org\slf4j\jcl-over-slf4j\1.7.25\jcl-over-slf4j-1.7.25.jar;C:\Users\lifulai\.m2\repository\ch\qos\logback\logback-classic\1.2.3\logback-classic-1.2.3.jar;C:\Users\lifulai\.m2\repository\ch\qos\logback\logback-core\1.2.3\logback-core-1.2.3.jar;C:\Users\lifulai\.m2\repository\commons-beanutils\commons-beanutils\1.9.1\commons-beanutils-1.9.1.jar;C:\Users\lifulai\.m2\repository\commons-collections\commons-collections\3.2.1\commons-collections-3.2.1.jar;C:\Users\lifulai\.m2\repository\commons-io\commons-io\2.4\commons-io-2.4.jar;C:\Users\lifulai\.m2\repository\org\apache\commons\commons-pool2\2.5.0\commons-pool2-2.5.0.jar;C:\Users\lifulai\.m2\repository\org\springframework\boot\spring-boot-autoconfigure\2.0.4.RELEASE\spring-boot-autoconfigure-2.0.4.RELEASE.jar;C:\Users\lifulai\.m2\repository\org\mockito\mockito-all\1.9.5\mockito-all-1.9.5.jar;C:\Users\lifulai\.m2\repository\org\springframework\spring-context\5.0.8.RELEASE\spring-context-5.0.8.RELEASE.jar;C:\Users\lifulai\.m2\repository\net\coobird\thumbnailator\0.4.8\thumbnailator-0.4.8.jar;C:\Users\lifulai\.m2\repository\org\apache\commons\commons-lang3\3.7\commons-lang3-3.7.jar;, user.name=lifulai, java.vm.specification.version=1.8, sun.java.command=C:\Users\lifulai\AppData\Local\Temp\surefire9137506574638124556\surefirebooter5645286842281594025.jar C:\Users\lifulai\AppData\Local\Temp\surefire9137506574638124556 2022-07-08T14-44-30_046-jvmRun1 surefire4377039638302688028tmp surefire_08534762857714159516tmp, java.home=C:\Program Files\Java\jdk1.8.0_171\jre, sun.arch.data.model=64, user.language=zh, java.specification.vendor=Oracle Corporation, awt.toolkit=sun.awt.windows.WToolkit, java.vm.info=mixed mode, java.version=1.8.0_171, java.ext.dirs=C:\Program Files\Java\jdk1.8.0_171\jre\lib\ext;C:\WINDOWS\Sun\Java\lib\ext, sun.boot.class.path=C:\Program Files\Java\jdk1.8.0_171\jre\lib\resources.jar;C:\Program Files\Java\jdk1.8.0_171\jre\lib\rt.jar;C:\Program Files\Java\jdk1.8.0_171\jre\lib\sunrsasign.jar;C:\Program Files\Java\jdk1.8.0_171\jre\lib\jsse.jar;C:\Program Files\Java\jdk1.8.0_171\jre\lib\jce.jar;C:\Program Files\Java\jdk1.8.0_171\jre\lib\charsets.jar;C:\Program Files\Java\jdk1.8.0_171\jre\lib\jfr.jar;C:\Program Files\Java\jdk1.8.0_171\jre\classes, java.vendor=Oracle Corporation, localRepository=C:\Users\lifulai\.m2\repository, file.separator=\, java.vendor.url.bug=http://bugreport.sun.com/bugreport/, sun.io.unicode.encoding=UnicodeLittle, sun.cpu.endian=little, sun.desktop=windows, sun.cpu.isalist=amd64}}, SystemEnvironmentPropertySource@831236296 {name='systemEnvironment', properties={PATH=C:\Python310\Scripts\;C:\Python310\;D:\app\lifulai\product\11.2.0\dbhome_1\bin;D:\app\lifulai\product\11.2.0\dbhome_1\NETWORK\ADMIN;C:\Program Files (x86)\Common Files\Intel\Shared Libraries\redist\intel64_win\compiler;D:\Program Files (x86)\Microsoft Visual Studio\Shared\Python37_64\Scripts\;D:\Program Files (x86)\Microsoft Visual Studio\Shared\Python37_64\;C:\Windows\system32;C:\Windows;C:\Windows\System32\Wbem;C:\Windows\System32\WindowsPowerShell\v1.0\;C:\Program Files\IDM Computer Solutions\UltraEdit;D:\BaiduNetdiskDownload\;C:\Program Files\Java\jdk1.8.0_171\bin;C:\Program Files (x86)\MySQL\MySQL Server 5.0\bin\;C:\Program Files\dotnet\;C:\Program Files\Git\cmd;C:\Program Files\NVIDIA Corporation\NVIDIA NvDLISR;D:\apache-tomcat-9.0.41\bin\;C:\Program Files\TortoiseGit\bin;D:\BaiduNetdiskDownload\java\;D:\apache-maven-3.5.2\bin\;C:\WINDOWS\system32;C:\WINDOWS;C:\WINDOWS\System32\Wbem;C:\WINDOWS\System32\WindowsPowerShell\v1.0\;C:\WINDOWS\System32\OpenSSH\;D:\matlab\runtime\win64;D:\matlab\bin;D:\matlab\polyspace\bin;C:\Program Files (x86)\NVIDIA Corporation\PhysX\Common;C:\Program Files\TortoiseSVN\bin;C:\Program Files\VisualSVN Server\bin;D:\apache-tomcat-7.0.94\bin\;C:\Users\lifulai\AppData\Roaming\nvm;C:\Program Files\nodejs;D:\node-v9.11.2-win-x86;D:\BaiduNetdiskDownload\xx\pinyou\NetSarang\Xshell 7\;C:\Program Files (x86)\NetSarang\Xftp 7\;D:\app\node9.11.2\node_global\;C:\Users\lifulai\AppData\Local\Microsoft\WindowsApps;C:\Users\lifulai\AppData\Local\GitHubDesktop\bin;C:\Users\lifulai\AppData\Local\Programs\Microsoft VS Code\bin;C:\Users\lifulai\AppData\Local\Microsoft\WindowsApps;D:\IntelliJ IDEA 2022.1.1\bin;;C:\Users\lifulai\AppData\Roaming\nvm;C:\Program Files\nodejs, USERDOMAIN_ROAMINGPROFILE=LAPTOP-669FC948, JAVA_HOME_JRE=C:\Program Files\Java\jre1.8.0_171, NVM_SYMLINK=C:\Program Files\nodejs, PROCESSOR_LEVEL=6, SYSTEMDRIVE=C:, SESSIONNAME=Console, ALLUSERSPROFILE=C:\ProgramData, INTEL_DEV_REDIST=C:\Program Files (x86)\Common Files\Intel\Shared Libraries\, PROCESSOR_ARCHITECTURE=AMD64, TNS_ADMIN=D:\app\lifulai\product\11.2.0\dbhome_1\NETWORK\ADMIN\, MIC_LD_LIBRARY_PATH=C:\Program Files (x86)\Common Files\Intel\Shared Libraries\compiler\lib\intel64_win_mic, GATEWAY_VM_OPTIONS=D:\IntelliJ IDEA 2022.1.1\ja-netfilter-all\vmoptions\gateway.vmoptions, DRIVERDATA=C:\Windows\System32\Drivers\DriverData, PROGRAMFILES=C:\Program Files, PSMODULEPATH=C:\Program Files\WindowsPowerShell\Modules;C:\WINDOWS\system32\WindowsPowerShell\v1.0\Modules;C:\Program Files\VisualSVN Server\PowerShellModules, RIDER_VM_OPTIONS=D:\IntelliJ IDEA 2022.1.1\ja-netfilter-all\vmoptions\rider.vmoptions, PROGRAMDATA=C:\ProgramData, USERNAME=lifulai, VISUALSVN_SERVER=C:\Program Files\VisualSVN Server\, FPS_BROWSER_USER_PROFILE_STRING=Default, ONEDRIVE=C:\Users\lifulai\OneDrive, PATHEXT=.COM;.EXE;.BAT;.CMD;.VBS;.VBE;.JS;.JSE;.WSF;.WSH;.MSC;.PY;.PYW, APPCODE_VM_OPTIONS=D:\IntelliJ IDEA 2022.1.1\ja-netfilter-all\vmoptions\appcode.vmoptions, ONEDRIVECONSUMER=C:\Users\lifulai\OneDrive, WINDIR=C:\WINDOWS, DATASPELL_VM_OPTIONS=D:\IntelliJ IDEA 2022.1.1\ja-netfilter-all\vmoptions\dataspell.vmoptions, HOMEPATH=\Users\lifulai, MYSQL_HOME=C:\Program Files (x86)\MySQL\MySQL Server 5.0\bin, PROCESSOR_IDENTIFIER=Intel64 Family 6 Model 158 Stepping 10, GenuineIntel, PUBLIC=C:\Users\Public, VS160COMCOMNTOOLS=C:\Program Files (x86)\Microsoft Visual Studio\2019\Community\Common7\Tools\, =::=::\, MINGW_HOME=C:\Program Files (x86)\mingw-w64\i686-8.1.0-posix-dwarf-rt_v6-rev0\mingw32, DATAGRIP_VM_OPTIONS=D:\IntelliJ IDEA 2022.1.1\ja-netfilter-all\vmoptions\datagrip.vmoptions, LOCALAPPDATA=C:\Users\lifulai\AppData\Local, COMMONPROGRAMFILES(X86)=C:\Program Files (x86)\Common Files, USERDOMAIN=LAPTOP-669FC948, FPS_BROWSER_APP_PROFILE_STRING=Internet Explorer, LOGONSERVER=\\LAPTOP-669FC948, PYCHARM_VM_OPTIONS=D:\IntelliJ IDEA 2022.1.1\ja-netfilter-all\vmoptions\pycharm.vmoptions, WEBSTORM_VM_OPTIONS=D:\IntelliJ IDEA 2022.1.1\ja-netfilter-all\vmoptions\webstorm.vmoptions, JAVA_HOME=C:\Program Files\Java\jdk1.8.0_171, PROMPT=$P$G, CLION_VM_OPTIONS=D:\IntelliJ IDEA 2022.1.1\ja-netfilter-all\vmoptions\clion.vmoptions, JETBRAINSCLIENT_VM_OPTIONS=D:\IntelliJ IDEA 2022.1.1\ja-netfilter-all\vmoptions\jetbrainsclient.vmoptions, PROGRAMFILES(X86)=C:\Program Files (x86), INTELLIJ IDEA=D:\IntelliJ IDEA 2022.1.1\bin;, MAVEN_OPTS=-Xms128m -Xmx512m, GOLAND_VM_OPTIONS=D:\IntelliJ IDEA 2022.1.1\ja-netfilter-all\vmoptions\goland.vmoptions, APPDATA=C:\Users\lifulai\AppData\Roaming, IDEA_VM_OPTIONS=D:\IntelliJ IDEA 2022.1.1\ja-netfilter-all\vmoptions\idea.vmoptions, PROGRAMW6432=C:\Program Files, SYSTEMROOT=C:\WINDOWS, RUBYMINE_VM_OPTIONS=D:\IntelliJ IDEA 2022.1.1\ja-netfilter-all\vmoptions\rubymine.vmoptions, JETBRAINS_CLIENT_VM_OPTIONS=D:\IntelliJ IDEA 2022.1.1\ja-netfilter-all\vmoptions\jetbrains_client.vmoptions, PERL5LIB=D:\oracle\product\10.2.0\db_1\perl\5.8.3\lib\MSWin32-x86;D:\oracle\product\10.2.0\db_1\perl\5.8.3\lib;D:\oracle\product\10.2.0\db_1\perl\5.8.3\lib\MSWin32-x86;D:\oracle\product\10.2.0\db_1\perl\site\5.8.3;D:\oracle\product\10.2.0\db_1\perl\site\5.8.3\lib;D:\oracle\product\10.2.0\db_1\sysman\admin\scripts;, VBOX_MSI_INSTALL_PATH=C:\Program Files\Oracle\VirtualBox\, OS=Windows_NT, NODE_HOME=D:\node-v9.11.2-win-x86, COMMONPROGRAMW6432=C:\Program Files\Common Files, COMPUTERNAME=LAPTOP-669FC948, COMMONPROGRAMFILES=C:\Program Files\Common Files, COMSPEC=C:\WINDOWS\system32\cmd.exe, NVM_HOME=C:\Users\lifulai\AppData\Roaming\nvm, PROCESSOR_REVISION=9e0a, CLASSPATH=C:\Users\lifulai\eclipse-workspace\stu\src\, NLS_LANG=AMERICAN_AMERICA.UTF8, =D:=D:\BaiduNetdiskDownload\xx\pinyou\hwj_ly_project\ly-search, TEMP=C:\Users\lifulai\AppData\Local\Temp, WEBIDE_VM_OPTIONS=D:\IntelliJ IDEA 2022.1.1\ja-netfilter-all\vmoptions\webide.vmoptions, HOMEDRIVE=C:, USERPROFILE=C:\Users\lifulai, TMP=C:\Users\lifulai\AppData\Local\Temp, NUMBER_OF_PROCESSORS=8, PHPSTORM_VM_OPTIONS=D:\IntelliJ IDEA 2022.1.1\ja-netfilter-all\vmoptions\phpstorm.vmoptions, MINGW=C:\Program Files (x86)\mingw-w64\i686-8.1.0-posix-dwarf-rt_v6-rev0\mingw32\bin}}]
14:44:31.917 [main] DEBUG org.springframework.core.io.support.PathMatchingResourcePatternResolver - Resolved classpath location [com/leyou/search/repository/] to resources [URL [file:/D:/BaiduNetdiskDownload/xx/pinyou/hwj_ly_project/ly-search/target/test-classes/com/leyou/search/repository/], URL [file:/D:/BaiduNetdiskDownload/xx/pinyou/hwj_ly_project/ly-search/target/classes/com/leyou/search/repository/]]
14:44:31.917 [main] DEBUG org.springframework.core.io.support.PathMatchingResourcePatternResolver - Looking for matching resources in directory tree [D:\BaiduNetdiskDownload\xx\pinyou\hwj_ly_project\ly-search\target\test-classes\com\leyou\search\repository]
14:44:31.917 [main] DEBUG org.springframework.core.io.support.PathMatchingResourcePatternResolver - Searching directory [D:\BaiduNetdiskDownload\xx\pinyou\hwj_ly_project\ly-search\target\test-classes\com\leyou\search\repository] for files matching pattern [D:/BaiduNetdiskDownload/xx/pinyou/hwj_ly_project/ly-search/target/test-classes/com/leyou/search/repository/*.class]
14:44:31.921 [main] DEBUG org.springframework.core.io.support.PathMatchingResourcePatternResolver - Looking for matching resources in directory tree [D:\BaiduNetdiskDownload\xx\pinyou\hwj_ly_project\ly-search\target\classes\com\leyou\search\repository]
14:44:31.922 [main] DEBUG org.springframework.core.io.support.PathMatchingResourcePatternResolver - Searching directory [D:\BaiduNetdiskDownload\xx\pinyou\hwj_ly_project\ly-search\target\classes\com\leyou\search\repository] for files matching pattern [D:/BaiduNetdiskDownload/xx/pinyou/hwj_ly_project/ly-search/target/classes/com/leyou/search/repository/*.class]
14:44:31.922 [main] DEBUG org.springframework.core.io.support.PathMatchingResourcePatternResolver - Resolved location pattern [classpath*:com/leyou/search/repository/*.class] to resources [file [D:\BaiduNetdiskDownload\xx\pinyou\hwj_ly_project\ly-search\target\test-classes\com\leyou\search\repository\GoodsRepositoryTest.class], file [D:\BaiduNetdiskDownload\xx\pinyou\hwj_ly_project\ly-search\target\classes\com\leyou\search\repository\GoodsRepository.class]]
14:44:31.950 [main] DEBUG org.springframework.core.io.support.PathMatchingResourcePatternResolver - Resolved classpath location [com/leyou/search/] to resources [URL [file:/D:/BaiduNetdiskDownload/xx/pinyou/hwj_ly_project/ly-search/target/test-classes/com/leyou/search/], URL [file:/D:/BaiduNetdiskDownload/xx/pinyou/hwj_ly_project/ly-search/target/classes/com/leyou/search/]]
14:44:31.950 [main] DEBUG org.springframework.core.io.support.PathMatchingResourcePatternResolver - Looking for matching resources in directory tree [D:\BaiduNetdiskDownload\xx\pinyou\hwj_ly_project\ly-search\target\test-classes\com\leyou\search]
14:44:31.950 [main] DEBUG org.springframework.core.io.support.PathMatchingResourcePatternResolver - Searching directory [D:\BaiduNetdiskDownload\xx\pinyou\hwj_ly_project\ly-search\target\test-classes\com\leyou\search] for files matching pattern [D:/BaiduNetdiskDownload/xx/pinyou/hwj_ly_project/ly-search/target/test-classes/com/leyou/search/*.class]
14:44:31.951 [main] DEBUG org.springframework.core.io.support.PathMatchingResourcePatternResolver - Looking for matching resources in directory tree [D:\BaiduNetdiskDownload\xx\pinyou\hwj_ly_project\ly-search\target\classes\com\leyou\search]
14:44:31.951 [main] DEBUG org.springframework.core.io.support.PathMatchingResourcePatternResolver - Searching directory [D:\BaiduNetdiskDownload\xx\pinyou\hwj_ly_project\ly-search\target\classes\com\leyou\search] for files matching pattern [D:/BaiduNetdiskDownload/xx/pinyou/hwj_ly_project/ly-search/target/classes/com/leyou/search/*.class]
14:44:31.951 [main] DEBUG org.springframework.core.io.support.PathMatchingResourcePatternResolver - Resolved location pattern [classpath*:com/leyou/search/*.class] to resources []
14:44:31.952 [main] DEBUG org.springframework.core.io.support.PathMatchingResourcePatternResolver - Resolved classpath location [com/leyou/] to resources [URL [file:/D:/BaiduNetdiskDownload/xx/pinyou/hwj_ly_project/ly-search/target/test-classes/com/leyou/], URL [file:/D:/BaiduNetdiskDownload/xx/pinyou/hwj_ly_project/ly-search/target/classes/com/leyou/], URL [jar:file:/C:/Users/lifulai/.m2/repository/com/leyou/service/ly-item-interface/1.0.0-SNAPSHOT/ly-item-interface-1.0.0-SNAPSHOT.jar!/com/leyou/], URL [jar:file:/C:/Users/lifulai/.m2/repository/com/leyou/common/ly-common/1.0.0-SNAPSHOT/ly-common-1.0.0-SNAPSHOT.jar!/com/leyou/]]
14:44:31.952 [main] DEBUG org.springframework.core.io.support.PathMatchingResourcePatternResolver - Looking for matching resources in directory tree [D:\BaiduNetdiskDownload\xx\pinyou\hwj_ly_project\ly-search\target\test-classes\com\leyou]
14:44:31.953 [main] DEBUG org.springframework.core.io.support.PathMatchingResourcePatternResolver - Searching directory [D:\BaiduNetdiskDownload\xx\pinyou\hwj_ly_project\ly-search\target\test-classes\com\leyou] for files matching pattern [D:/BaiduNetdiskDownload/xx/pinyou/hwj_ly_project/ly-search/target/test-classes/com/leyou/*.class]
14:44:31.953 [main] DEBUG org.springframework.core.io.support.PathMatchingResourcePatternResolver - Looking for matching resources in directory tree [D:\BaiduNetdiskDownload\xx\pinyou\hwj_ly_project\ly-search\target\classes\com\leyou]
14:44:31.953 [main] DEBUG org.springframework.core.io.support.PathMatchingResourcePatternResolver - Searching directory [D:\BaiduNetdiskDownload\xx\pinyou\hwj_ly_project\ly-search\target\classes\com\leyou] for files matching pattern [D:/BaiduNetdiskDownload/xx/pinyou/hwj_ly_project/ly-search/target/classes/com/leyou/*.class]
14:44:31.954 [main] DEBUG org.springframework.core.io.support.PathMatchingResourcePatternResolver - Looking for matching resources in jar file [file:/C:/Users/lifulai/.m2/repository/com/leyou/service/ly-item-interface/1.0.0-SNAPSHOT/ly-item-interface-1.0.0-SNAPSHOT.jar]
14:44:31.955 [main] DEBUG org.springframework.core.io.support.PathMatchingResourcePatternResolver - Looking for matching resources in jar file [file:/C:/Users/lifulai/.m2/repository/com/leyou/common/ly-common/1.0.0-SNAPSHOT/ly-common-1.0.0-SNAPSHOT.jar]
14:44:31.956 [main] DEBUG org.springframework.core.io.support.PathMatchingResourcePatternResolver - Resolved location pattern [classpath*:com/leyou/*.class] to resources [file [D:\BaiduNetdiskDownload\xx\pinyou\hwj_ly_project\ly-search\target\classes\com\leyou\LySearchApplication.class]]
14:44:31.989 [main] DEBUG org.springframework.context.annotation.ClassPathScanningCandidateComponentProvider - Identified candidate component class: file [D:\BaiduNetdiskDownload\xx\pinyou\hwj_ly_project\ly-search\target\classes\com\leyou\LySearchApplication.class]
14:44:31.990 [main] INFO org.springframework.boot.test.context.SpringBootTestContextBootstrapper - Found @SpringBootConfiguration com.leyou.LySearchApplication for test class com.leyou.search.repository.GoodsRepositoryTest
14:44:32.135 [main] DEBUG org.springframework.boot.test.context.SpringBootTestContextBootstrapper - @TestExecutionListeners is not present for class [com.leyou.search.repository.GoodsRepositoryTest]: using defaults.
14:44:32.135 [main] INFO org.springframework.boot.test.context.SpringBootTestContextBootstrapper - Loaded default TestExecutionListener class names from location [META-INF/spring.factories]: [org.springframework.boot.test.mock.mockito.MockitoTestExecutionListener, org.springframework.boot.test.mock.mockito.ResetMocksTestExecutionListener, org.springframework.boot.test.autoconfigure.restdocs.RestDocsTestExecutionListener, org.springframework.boot.test.autoconfigure.web.client.MockRestServiceServerResetTestExecutionListener, org.springframework.boot.test.autoconfigure.web.servlet.MockMvcPrintOnlyOnFailureTestExecutionListener, org.springframework.boot.test.autoconfigure.web.servlet.WebDriverTestExecutionListener, org.springframework.test.context.web.ServletTestExecutionListener, org.springframework.test.context.support.DirtiesContextBeforeModesTestExecutionListener, org.springframework.test.context.support.DependencyInjectionTestExecutionListener, org.springframework.test.context.support.DirtiesContextTestExecutionListener, org.springframework.test.context.transaction.TransactionalTestExecutionListener, org.springframework.test.context.jdbc.SqlScriptsTestExecutionListener]
14:44:32.152 [main] INFO org.springframework.boot.test.context.SpringBootTestContextBootstrapper - Using TestExecutionListeners: [org.springframework.test.context.web.ServletTestExecutionListener@21282ed8, org.springframework.test.context.support.DirtiesContextBeforeModesTestExecutionListener@36916eb0, org.springframework.boot.test.mock.mockito.MockitoTestExecutionListener@7bab3f1a, org.springframework.boot.test.autoconfigure.SpringBootDependencyInjectionTestExecutionListener@437da279, org.springframework.test.context.support.DirtiesContextTestExecutionListener@23c30a20, org.springframework.test.context.transaction.TransactionalTestExecutionListener@1e1a0406, org.springframework.test.context.jdbc.SqlScriptsTestExecutionListener@3cebbb30, org.springframework.boot.test.mock.mockito.ResetMocksTestExecutionListener@12aba8be, org.springframework.boot.test.autoconfigure.restdocs.RestDocsTestExecutionListener@290222c1, org.springframework.boot.test.autoconfigure.web.client.MockRestServiceServerResetTestExecutionListener@67f639d3, org.springframework.boot.test.autoconfigure.web.servlet.MockMvcPrintOnlyOnFailureTestExecutionListener@6253c26, org.springframework.boot.test.autoconfigure.web.servlet.WebDriverTestExecutionListener@49049a04]
14:44:32.156 [main] DEBUG org.springframework.test.annotation.ProfileValueUtils - Retrieved @ProfileValueSourceConfiguration [null] for test class [com.leyou.search.repository.GoodsRepositoryTest]
14:44:32.157 [main] DEBUG org.springframework.test.annotation.ProfileValueUtils - Retrieved ProfileValueSource type [class org.springframework.test.annotation.SystemProfileValueSource] for class [com.leyou.search.repository.GoodsRepositoryTest]
14:44:32.157 [main] DEBUG org.springframework.test.annotation.ProfileValueUtils - Retrieved @ProfileValueSourceConfiguration [null] for test class [com.leyou.search.repository.GoodsRepositoryTest]
14:44:32.157 [main] DEBUG org.springframework.test.annotation.ProfileValueUtils - Retrieved ProfileValueSource type [class org.springframework.test.annotation.SystemProfileValueSource] for class [com.leyou.search.repository.GoodsRepositoryTest]
14:44:32.158 [main] DEBUG org.springframework.test.annotation.ProfileValueUtils - Retrieved @ProfileValueSourceConfiguration [null] for test class [com.leyou.search.repository.GoodsRepositoryTest]
14:44:32.158 [main] DEBUG org.springframework.test.annotation.ProfileValueUtils - Retrieved ProfileValueSource type [class org.springframework.test.annotation.SystemProfileValueSource] for class [com.leyou.search.repository.GoodsRepositoryTest]
14:44:32.161 [main] DEBUG org.springframework.test.context.support.AbstractDirtiesContextTestExecutionListener - Before test class: context [DefaultTestContext@2d52216b testClass = GoodsRepositoryTest, testInstance = [null], testMethod = [null], testException = [null], mergedContextConfiguration = [WebMergedContextConfiguration@242b836 testClass = GoodsRepositoryTest, locations = '{}', classes = '{class com.leyou.LySearchApplication}', contextInitializerClasses = '[]', activeProfiles = '{}', propertySourceLocations = '{}', propertySourceProperties = '{org.springframework.boot.test.context.SpringBootTestContextBootstrapper=true}', contextCustomizers = set[org.springframework.boot.test.context.filter.ExcludeFilterContextCustomizer@2b6856dd, org.springframework.boot.test.json.DuplicateJsonObjectContextCustomizerFactory$DuplicateJsonObjectContextCustomizer@7c417213, org.springframework.boot.test.mock.mockito.MockitoContextCustomizer@0, org.springframework.boot.test.web.client.TestRestTemplateContextCustomizer@1d76aeea, org.springframework.boot.test.autoconfigure.properties.PropertyMappingContextCustomizer@0, org.springframework.boot.test.autoconfigure.web.servlet.WebDriverContextCustomizerFactory$Customizer@6b19b79], resourceBasePath = 'src/main/webapp', contextLoader = 'org.springframework.boot.test.context.SpringBootContextLoader', parent = [null]], attributes = map['org.springframework.test.context.web.ServletTestExecutionListener.activateListener' -> true]], class annotated with @DirtiesContext [false] with mode [null].
14:44:32.161 [main] DEBUG org.springframework.test.annotation.ProfileValueUtils - Retrieved @ProfileValueSourceConfiguration [null] for test class [com.leyou.search.repository.GoodsRepositoryTest]
14:44:32.162 [main] DEBUG org.springframework.test.annotation.ProfileValueUtils - Retrieved ProfileValueSource type [class org.springframework.test.annotation.SystemProfileValueSource] for class [com.leyou.search.repository.GoodsRepositoryTest]
14:44:32.180 [main] DEBUG org.springframework.core.env.StandardEnvironment - Adding PropertySource 'systemProperties' with lowest search precedence
14:44:32.180 [main] DEBUG org.springframework.core.env.StandardEnvironment - Adding PropertySource 'systemEnvironment' with lowest search precedence
14:44:32.180 [main] DEBUG org.springframework.core.env.StandardEnvironment - Initialized StandardEnvironment with PropertySources [MapPropertySource@1413623320 {name='systemProperties', properties={idea.version=2017.3.4, java.runtime.name=Java(TM) SE Runtime Environment, sun.boot.library.path=C:\Program Files\Java\jdk1.8.0_171\jre\bin, java.vm.version=25.171-b11, java.vm.vendor=Oracle Corporation, java.vendor.url=http://java.oracle.com/, path.separator=;, java.vm.name=Java HotSpot(TM) 64-Bit Server VM, file.encoding.pkg=sun.io, user.country=CN, user.script=, sun.java.launcher=SUN_STANDARD, sun.os.patch.level=, test=com.leyou.search.repository.GoodsRepositoryTest#loadData1, java.vm.specification.name=Java Virtual Machine Specification, user.dir=D:\BaiduNetdiskDownload\xx\pinyou\hwj_ly_project\ly-search, java.runtime.version=1.8.0_171-b11, basedir=D:\BaiduNetdiskDownload\xx\pinyou\hwj_ly_project\ly-search, java.awt.graphicsenv=sun.awt.Win32GraphicsEnvironment, java.endorsed.dirs=C:\Program Files\Java\jdk1.8.0_171\jre\lib\endorsed, os.arch=amd64, surefire.real.class.path=C:\Users\lifulai\AppData\Local\Temp\surefire9137506574638124556\surefirebooter5645286842281594025.jar, java.io.tmpdir=C:\Users\lifulai\AppData\Local\Temp\, line.separator=
, java.vm.specification.vendor=Oracle Corporation, user.variant=, os.name=Windows 10, sun.jnu.encoding=GBK, java.library.path=C:\Program Files\Java\jdk1.8.0_171\jre\bin;C:\WINDOWS\Sun\Java\bin;C:\WINDOWS\system32;C:\WINDOWS;C:\Python310\Scripts\;C:\Python310\;D:\app\lifulai\product\11.2.0\dbhome_1\bin;D:\app\lifulai\product\11.2.0\dbhome_1\NETWORK\ADMIN;C:\Program Files (x86)\Common Files\Intel\Shared Libraries\redist\intel64_win\compiler;D:\Program Files (x86)\Microsoft Visual Studio\Shared\Python37_64\Scripts\;D:\Program Files (x86)\Microsoft Visual Studio\Shared\Python37_64\;C:\Windows\system32;C:\Windows;C:\Windows\System32\Wbem;C:\Windows\System32\WindowsPowerShell\v1.0\;C:\Program Files\IDM Computer Solutions\UltraEdit;D:\BaiduNetdiskDownload\;C:\Program Files\Java\jdk1.8.0_171\bin;C:\Program Files (x86)\MySQL\MySQL Server 5.0\bin\;C:\Program Files\dotnet\;C:\Program Files\Git\cmd;C:\Program Files\NVIDIA Corporation\NVIDIA NvDLISR;D:\apache-tomcat-9.0.41\bin\;C:\Program Files\TortoiseGit\bin;D:\BaiduNetdiskDownload\java\;D:\apache-maven-3.5.2\bin\;C:\WINDOWS\system32;C:\WINDOWS;C:\WINDOWS\System32\Wbem;C:\WINDOWS\System32\WindowsPowerShell\v1.0\;C:\WINDOWS\System32\OpenSSH\;D:\matlab\runtime\win64;D:\matlab\bin;D:\matlab\polyspace\bin;C:\Program Files (x86)\NVIDIA Corporation\PhysX\Common;C:\Program Files\TortoiseSVN\bin;C:\Program Files\VisualSVN Server\bin;D:\apache-tomcat-7.0.94\bin\;C:\Users\lifulai\AppData\Roaming\nvm;C:\Program Files\nodejs;D:\node-v9.11.2-win-x86;D:\BaiduNetdiskDownload\xx\pinyou\NetSarang\Xshell 7\;C:\Program Files (x86)\NetSarang\Xftp 7\;D:\app\node9.11.2\node_global\;C:\Users\lifulai\AppData\Local\Microsoft\WindowsApps;C:\Users\lifulai\AppData\Local\GitHubDesktop\bin;C:\Users\lifulai\AppData\Local\Programs\Microsoft VS Code\bin;C:\Users\lifulai\AppData\Local\Microsoft\WindowsApps;D:\IntelliJ IDEA 2022.1.1\bin;;C:\Users\lifulai\AppData\Roaming\nvm;C:\Program Files\nodejs;., surefire.test.class.path=D:\BaiduNetdiskDownload\xx\pinyou\hwj_ly_project\ly-search\target\test-classes;D:\BaiduNetdiskDownload\xx\pinyou\hwj_ly_project\ly-search\target\classes;C:\Users\lifulai\.m2\repository\org\springframework\cloud\spring-cloud-starter-netflix-eureka-client\2.0.1.RELEASE\spring-cloud-starter-netflix-eureka-client-2.0.1.RELEASE.jar;C:\Users\lifulai\.m2\repository\org\springframework\cloud\spring-cloud-starter\2.0.1.RELEASE\spring-cloud-starter-2.0.1.RELEASE.jar;C:\Users\lifulai\.m2\repository\org\springframework\cloud\spring-cloud-context\2.0.1.RELEASE\spring-cloud-context-2.0.1.RELEASE.jar;C:\Users\lifulai\.m2\repository\org\springframework\security\spring-security-rsa\1.0.5.RELEASE\spring-security-rsa-1.0.5.RELEASE.jar;C:\Users\lifulai\.m2\repository\org\bouncycastle\bcpkix-jdk15on\1.56\bcpkix-jdk15on-1.56.jar;C:\Users\lifulai\.m2\repository\org\bouncycastle\bcprov-jdk15on\1.56\bcprov-jdk15on-1.56.jar;C:\Users\lifulai\.m2\repository\org\springframework\cloud\spring-cloud-netflix-core\2.0.1.RE
[...]
lifulai\AppData\Local, COMMONPROGRAMFILES(X86)=C:\Program Files (x86)\Common Files, USERDOMAIN=LAPTOP-669FC948, FPS_BROWSER_APP_PROFILE_STRING=Internet Explorer, LOGONSERVER=\\LAPTOP-669FC948, PYCHARM_VM_OPTIONS=D:\IntelliJ IDEA 2022.1.1\ja-netfilter-all\vmoptions\pycharm.vmoptions, WEBSTORM_VM_OPTIONS=D:\IntelliJ IDEA 2022.1.1\ja-netfilter-all\vmoptions\webstorm.vmoptions, JAVA_HOME=C:\Program Files\Java\jdk1.8.0_171, PROMPT=$P$G, CLION_VM_OPTIONS=D:\IntelliJ IDEA 2022.1.1\ja-netfilter-all\vmoptions\clion.vmoptions, JETBRAINSCLIENT_VM_OPTIONS=D:\IntelliJ IDEA 2022.1.1\ja-netfilter-all\vmoptions\jetbrainsclient.vmoptions, PROGRAMFILES(X86)=C:\Program Files (x86), INTELLIJ IDEA=D:\IntelliJ IDEA 2022.1.1\bin;, MAVEN_OPTS=-Xms128m -Xmx512m, GOLAND_VM_OPTIONS=D:\IntelliJ IDEA 2022.1.1\ja-netfilter-all\vmoptions\goland.vmoptions, APPDATA=C:\Users\lifulai\AppData\Roaming, IDEA_VM_OPTIONS=D:\IntelliJ IDEA 2022.1.1\ja-netfilter-all\vmoptions\idea.vmoptions, PROGRAMW6432=C:\Program Files, SYSTEMROOT=C:\WINDOWS, RUBYMINE_VM_OPTIONS=D:\IntelliJ IDEA 2022.1.1\ja-netfilter-all\vmoptions\rubymine.vmoptions, JETBRAINS_CLIENT_VM_OPTIONS=D:\IntelliJ IDEA 2022.1.1\ja-netfilter-all\vmoptions\jetbrains_client.vmoptions, PERL5LIB=D:\oracle\product\10.2.0\db_1\perl\5.8.3\lib\MSWin32-x86;D:\oracle\product\10.2.0\db_1\perl\5.8.3\lib;D:\oracle\product\10.2.0\db_1\perl\5.8.3\lib\MSWin32-x86;D:\oracle\product\10.2.0\db_1\perl\site\5.8.3;D:\oracle\product\10.2.0\db_1\perl\site\5.8.3\lib;D:\oracle\product\10.2.0\db_1\sysman\admin\scripts;, VBOX_MSI_INSTALL_PATH=C:\Program Files\Oracle\VirtualBox\, OS=Windows_NT, NODE_HOME=D:\node-v9.11.2-win-x86, COMMONPROGRAMW6432=C:\Program Files\Common Files, COMPUTERNAME=LAPTOP-669FC948, COMMONPROGRAMFILES=C:\Program Files\Common Files, COMSPEC=C:\WINDOWS\system32\cmd.exe, NVM_HOME=C:\Users\lifulai\AppData\Roaming\nvm, PROCESSOR_REVISION=9e0a, CLASSPATH=C:\Users\lifulai\eclipse-workspace\stu\src\, NLS_LANG=AMERICAN_AMERICA.UTF8, =D:=D:\BaiduNetdiskDownload\xx\pinyou\hwj_ly_project\ly-search, TEMP=C:\Users\lifulai\AppData\Local\Temp, WEBIDE_VM_OPTIONS=D:\IntelliJ IDEA 2022.1.1\ja-netfilter-all\vmoptions\webide.vmoptions, HOMEDRIVE=C:, USERPROFILE=C:\Users\lifulai, TMP=C:\Users\lifulai\AppData\Local\Temp, NUMBER_OF_PROCESSORS=8, PHPSTORM_VM_OPTIONS=D:\IntelliJ IDEA 2022.1.1\ja-netfilter-all\vmoptions\phpstorm.vmoptions, MINGW=C:\Program Files (x86)\mingw-w64\i686-8.1.0-posix-dwarf-rt_v6-rev0\mingw32\bin}}]
14:44:32.182 [main] DEBUG org.springframework.test.context.support.TestPropertySourceUtils - Adding inlined properties to environment: {spring.jmx.enabled=false, org.springframework.boot.test.context.SpringBootTestContextBootstrapper=true, server.port=-1}
14:44:32.183 [main] DEBUG org.springframework.core.env.StandardEnvironment - Adding PropertySource 'Inlined Test Properties' with highest search precedence
2022-07-08 14:44:33.783  INFO 15632 --- [           main] s.c.a.AnnotationConfigApplicationContext : Refreshing org.springframework.context.annotation.AnnotationConfigApplicationContext@3148f668: startup date [Fri Jul 08 14:44:33 CST 2022]; root of context hierarchy
2022-07-08 14:44:34.044  INFO 15632 --- [           main] f.a.AutowiredAnnotationBeanPostProcessor : JSR-330 'javax.inject.Inject' annotation found and supported for autowiring
2022-07-08 14:44:34.084  INFO 15632 --- [           main] trationDelegate$BeanPostProcessorChecker : Bean 'configurationPropertiesRebinderAutoConfiguration' of type [org.springframework.cloud.autoconfigure.ConfigurationPropertiesRebinderAutoConfiguration$$EnhancerBySpringCGLIB$$2059bcc3] is not eligible for getting processed by all BeanPostProcessors (for example: not eligible for auto-proxying)

  .   ____          _            __ _ _
 /\\ / ___'_ __ _ _(_)_ __  __ _ \ \ \ \
( ( )\___ | '_ | '_| | '_ \/ _` | \ \ \ \
 \\/  ___)| |_)| | | | | || (_| |  ) ) ) )
  '  |____| .__|_| |_|_| |_\__, | / / / /
 =========|_|==============|___/=/_/_/_/
 :: Spring Boot ::        (v2.0.4.RELEASE)

2022-07-08 14:44:35.486  INFO 15632 --- [           main] c.c.c.ConfigServicePropertySourceLocator : Fetching config from server at : http://localhost:8888
2022-07-08 14:44:37.605  INFO 15632 --- [           main] c.c.c.ConfigServicePropertySourceLocator : Connect Timeout Exception on Url - http://localhost:8888. Will be trying the next url if available
2022-07-08 14:44:37.605  WARN 15632 --- [           main] c.c.c.ConfigServicePropertySourceLocator : Could not locate PropertySource: I/O error on GET request for "http://localhost:8888/search-service/default": Connection refused: connect; nested exception is java.net.ConnectException: Connection refused: connect
2022-07-08 14:44:37.611  INFO 15632 --- [           main] c.l.s.repository.GoodsRepositoryTest     : No active profile set, falling back to default profiles: default
2022-07-08 14:44:37.615  INFO 15632 --- [           main] o.s.w.c.s.GenericWebApplicationContext   : Refreshing org.springframework.web.context.support.GenericWebApplicationContext@7bf9b098: startup date [Fri Jul 08 14:44:37 CST 2022]; parent: org.springframework.context.annotation.AnnotationConfigApplicationContext@3148f668
2022-07-08 14:44:38.036  INFO 15632 --- [           main] o.s.b.f.s.DefaultListableBeanFactory     : Overriding alias 'item-serviceFeignClient' definition for registered name 'com.leyou.search.client.BrandClient' with new target name 'com.leyou.search.client.CategoryClient'
2022-07-08 14:44:38.036  INFO 15632 --- [           main] o.s.b.f.s.DefaultListableBeanFactory     : Overriding alias 'item-serviceFeignClient' definition for registered name 'com.leyou.search.client.CategoryClient' with new target name 'com.leyou.search.client.GoodsClient'
2022-07-08 14:44:38.036  INFO 15632 --- [           main] o.s.b.f.s.DefaultListableBeanFactory     : Overriding alias 'item-serviceFeignClient' definition for registered name 'com.leyou.search.client.GoodsClient' with new target name 'com.leyou.search.client.SpecificationClient'
2022-07-08 14:44:38.146  WARN 15632 --- [           main] t.m.s.mapper.ClassPathMapperScanner      : No MyBatis mapper was found in '[com.leyou]' package. Please check your configuration.
2022-07-08 14:44:38.155  WARN 15632 --- [           main] o.m.s.mapper.ClassPathMapperScanner      : No MyBatis mapper was found in '[com.leyou]' package. Please check your configuration.
2022-07-08 14:44:38.429  INFO 15632 --- [           main] o.s.b.f.s.DefaultListableBeanFactory     : Overriding bean definition for bean 'dataSource' with a different definition: replacing [Root bean: class [null]; scope=refresh; abstract=false; lazyInit=false; autowireMode=3; dependencyCheck=0; autowireCandidate=false; primary=false; factoryBeanName=org.springframework.boot.autoconfigure.jdbc.DataSourceConfiguration$Hikari; factoryMethodName=dataSource; initMethodName=null; destroyMethodName=(inferred); defined in class path resource [org/springframework/boot/autoconfigure/jdbc/DataSourceConfiguration$Hikari.class]] with [Root bean: class [org.springframework.aop.scope.ScopedProxyFactoryBean]; scope=; abstract=false; lazyInit=false; autowireMode=0; dependencyCheck=0; autowireCandidate=true; primary=false; factoryBeanName=null; factoryMethodName=null; initMethodName=null; destroyMethodName=null; defined in BeanDefinition defined in class path resource [org/springframework/boot/autoconfigure/jdbc/DataSourceConfiguration$Hikari.class]]
2022-07-08 14:44:38.647  INFO 15632 --- [           main] o.s.cloud.context.scope.GenericScope     : BeanFactory id=96ad192b-0912-3735-a876-21f6e116449f
2022-07-08 14:44:38.711  INFO 15632 --- [           main] f.a.AutowiredAnnotationBeanPostProcessor : JSR-330 'javax.inject.Inject' annotation found and supported for autowiring
2022-07-08 14:44:38.770  INFO 15632 --- [           main] trationDelegate$BeanPostProcessorChecker : Bean 'org.springframework.amqp.rabbit.annotation.RabbitBootstrapConfiguration' of type [org.springframework.amqp.rabbit.annotation.RabbitBootstrapConfiguration$$EnhancerBySpringCGLIB$$caab77f4] is not eligible for getting processed by all BeanPostProcessors (for example: not eligible for auto-proxying)
2022-07-08 14:44:38.870  INFO 15632 --- [           main] trationDelegate$BeanPostProcessorChecker : Bean 'org.springframework.transaction.annotation.ProxyTransactionManagementConfiguration' of type [org.springframework.transaction.annotation.ProxyTransactionManagementConfiguration$$EnhancerBySpringCGLIB$$43fb9c6] is not eligible for getting processed by all BeanPostProcessors (for example: not eligible for auto-proxying)
2022-07-08 14:44:38.936  INFO 15632 --- [           main] trationDelegate$BeanPostProcessorChecker : Bean 'org.springframework.cloud.autoconfigure.ConfigurationPropertiesRebinderAutoConfiguration' of type [org.springframework.cloud.autoconfigure.ConfigurationPropertiesRebinderAutoConfiguration$$EnhancerBySpringCGLIB$$2059bcc3] is not eligible for getting processed by all BeanPostProcessors (for example: not eligible for auto-proxying)
2022-07-08 14:44:39.095  INFO 15632 --- [           main] s.c.a.AnnotationConfigApplicationContext : Refreshing FeignContext-item-service: startup date [Fri Jul 08 14:44:39 CST 2022]; parent: org.springframework.web.context.support.GenericWebApplicationContext@7bf9b098
2022-07-08 14:44:39.117  INFO 15632 --- [           main] f.a.AutowiredAnnotationBeanPostProcessor : JSR-330 'javax.inject.Inject' annotation found and supported for autowiring
2022-07-08 14:44:40.372  INFO 15632 --- [           main] o.elasticsearch.plugins.PluginsService   : no modules loaded
2022-07-08 14:44:40.374  INFO 15632 --- [           main] o.elasticsearch.plugins.PluginsService   : loaded plugin [org.elasticsearch.index.reindex.ReindexPlugin]
2022-07-08 14:44:40.374  INFO 15632 --- [           main] o.elasticsearch.plugins.PluginsService   : loaded plugin [org.elasticsearch.join.ParentJoinPlugin]
2022-07-08 14:44:40.374  INFO 15632 --- [           main] o.elasticsearch.plugins.PluginsService   : loaded plugin [org.elasticsearch.percolator.PercolatorPlugin]
2022-07-08 14:44:40.374  INFO 15632 --- [           main] o.elasticsearch.plugins.PluginsService   : loaded plugin [org.elasticsearch.script.mustache.MustachePlugin]
2022-07-08 14:44:40.374  INFO 15632 --- [           main] o.elasticsearch.plugins.PluginsService   : loaded plugin [org.elasticsearch.transport.Netty4Plugin]
2022-07-08 14:44:42.580  INFO 15632 --- [           main] o.s.d.e.c.TransportClientFactoryBean     : Adding transport node : 192.168.2.11:9300
2022-07-08 14:44:44.587  WARN 15632 --- [           main] c.n.c.sources.URLConfigurationSource     : No URLs will be polled as dynamic configuration sources.
2022-07-08 14:44:44.587  INFO 15632 --- [           main] c.n.c.sources.URLConfigurationSource     : To enable URLs as dynamic configuration sources, define System property archaius.configurationSource.additionalUrls or make config.properties available on classpath.
2022-07-08 14:44:44.595  WARN 15632 --- [           main] c.n.c.sources.URLConfigurationSource     : No URLs will be polled as dynamic configuration sources.
2022-07-08 14:44:44.595  INFO 15632 --- [           main] c.n.c.sources.URLConfigurationSource     : To enable URLs as dynamic configuration sources, define System property archaius.configurationSource.additionalUrls or make config.properties available on classpath.
2022-07-08 14:44:44.722  INFO 15632 --- [           main] o.s.w.s.handler.SimpleUrlHandlerMapping  : Mapped URL path [/**/favicon.ico] onto handler of type [class org.springframework.web.servlet.resource.ResourceHttpRequestHandler]
2022-07-08 14:44:44.985  INFO 15632 --- [           main] s.w.s.m.m.a.RequestMappingHandlerAdapter : Looking for @ControllerAdvice: org.springframework.web.context.support.GenericWebApplicationContext@7bf9b098: startup date [Fri Jul 08 14:44:37 CST 2022]; parent: org.springframework.context.annotation.AnnotationConfigApplicationContext@3148f668
2022-07-08 14:44:45.065  INFO 15632 --- [           main] s.w.s.m.m.a.RequestMappingHandlerMapping : Mapped "{[/page],methods=[POST]}" onto public org.springframework.http.ResponseEntity<com.leyou.common.vo.PageResult<com.leyou.search.pojo.Goods>> com.leyou.search.web.SearchController.search(com.leyou.search.pojo.SearchRequest)
2022-07-08 14:44:45.069  INFO 15632 --- [           main] s.w.s.m.m.a.RequestMappingHandlerMapping : Mapped "{[/category],methods=[GET]}" onto public abstract java.util.List<java.lang.String> com.leyou.item.api.CategoryApi.queryNamesByIds(java.util.List<java.lang.Long>)
2022-07-08 14:44:45.069  INFO 15632 --- [           main] s.w.s.m.m.a.RequestMappingHandlerMapping : Mapped "{[/category/list/ids],methods=[GET]}" onto public abstract java.util.List<com.leyou.item.pojo.Category> com.leyou.item.api.CategoryApi.queryCategoryByIds(java.util.List<java.lang.Long>)
2022-07-08 14:44:45.069  INFO 15632 --- [           main] s.w.s.m.m.a.RequestMappingHandlerMapping : Mapped "{[/category/all/level],methods=[GET]}" onto public abstract java.util.List<com.leyou.item.pojo.Category> com.leyou.item.api.CategoryApi.queryAllByCid3(java.lang.Long)
2022-07-08 14:44:45.072  INFO 15632 --- [           main] s.w.s.m.m.a.RequestMappingHandlerMapping : Mapped "{[/error]}" onto public org.springframework.http.ResponseEntity<java.util.Map<java.lang.String, java.lang.Object>> org.springframework.boot.autoconfigure.web.servlet.error.BasicErrorController.error(javax.servlet.http.HttpServletRequest)
2022-07-08 14:44:45.072  INFO 15632 --- [           main] s.w.s.m.m.a.RequestMappingHandlerMapping : Mapped "{[/error],produces=[text/html]}" onto public org.springframework.web.servlet.ModelAndView org.springframework.boot.autoconfigure.web.servlet.error.BasicErrorController.errorHtml(javax.servlet.http.HttpServletRequest,javax.servlet.http.HttpServletResponse)
2022-07-08 14:44:45.117  INFO 15632 --- [           main] o.s.w.s.handler.SimpleUrlHandlerMapping  : Mapped URL path [/webjars/**] onto handler of type [class org.springframework.web.servlet.resource.ResourceHttpRequestHandler]
2022-07-08 14:44:45.117  INFO 15632 --- [           main] o.s.w.s.handler.SimpleUrlHandlerMapping  : Mapped URL path [/**] onto handler of type [class org.springframework.web.servlet.resource.ResourceHttpRequestHandler]
2022-07-08 14:44:45.139  INFO 15632 --- [           main] .m.m.a.ExceptionHandlerExceptionResolver : Detected @ExceptionHandler methods in commonExceptionHandler
2022-07-08 14:44:48.545  INFO 15632 --- [           main] o.s.c.support.DefaultLifecycleProcessor  : Starting beans in phase 0
2022-07-08 14:44:48.554  INFO 15632 --- [           main] o.s.c.support.DefaultLifecycleProcessor  : Starting beans in phase 2147483647
2022-07-08 14:44:48.591  INFO 15632 --- [           main] c.l.s.repository.GoodsRepositoryTest     : Started GoodsRepositoryTest in 16.396 seconds (JVM running for 17.574)
2022-07-08 14:44:48.716  INFO 15632 --- [           main] s.c.a.AnnotationConfigApplicationContext : Refreshing SpringClientFactory-item-service: startup date [Fri Jul 08 14:44:48 CST 2022]; parent: org.springframework.web.context.support.GenericWebApplicationContext@7bf9b098
2022-07-08 14:44:48.774  INFO 15632 --- [           main] f.a.AutowiredAnnotationBeanPostProcessor : JSR-330 'javax.inject.Inject' annotation found and supported for autowiring
2022-07-08 14:44:49.807  INFO 15632 --- [           main] c.netflix.config.ChainedDynamicProperty  : Flipping property: item-service.ribbon.ActiveConnectionsLimit to use NEXT property: niws.loadbalancer.availabilityFilteringRule.activeConnectionsLimit = 2147483647
2022-07-08 14:44:49.822  INFO 15632 --- [           main] c.n.u.concurrent.ShutdownEnabledTimer    : Shutdown hook installed for: NFLoadBalancer-PingTimer-item-service
2022-07-08 14:44:49.830  INFO 15632 --- [           main] c.netflix.loadbalancer.BaseLoadBalancer  : Client: item-service instantiated a LoadBalancer: DynamicServerListLoadBalancer:{NFLoadBalancer:name=item-service,current list of Servers=[],Load balancer stats=Zone stats: {},Server stats: []}ServerList:null
2022-07-08 14:44:49.838  INFO 15632 --- [           main] c.n.l.DynamicServerListLoadBalancer      : Using serverListUpdater PollingServerListUpdater
2022-07-08 14:44:49.847  INFO 15632 --- [           main] o.s.c.n.eureka.InstanceInfoFactory       : Setting initial instance status as: STARTING
2022-07-08 14:44:49.860  INFO 15632 --- [           main] com.netflix.discovery.DiscoveryClient    : Initializing Eureka in region us-east-1
2022-07-08 14:44:49.906  INFO 15632 --- [           main] c.n.d.provider.DiscoveryJerseyProvider   : Using JSON encoding codec LegacyJacksonJson
2022-07-08 14:44:49.906  INFO 15632 --- [           main] c.n.d.provider.DiscoveryJerseyProvider   : Using JSON decoding codec LegacyJacksonJson
2022-07-08 14:44:50.047  INFO 15632 --- [           main] c.n.d.provider.DiscoveryJerseyProvider   : Using XML encoding codec XStreamXml
2022-07-08 14:44:50.047  INFO 15632 --- [           main] c.n.d.provider.DiscoveryJerseyProvider   : Using XML decoding codec XStreamXml
2022-07-08 14:44:50.210  INFO 15632 --- [           main] c.n.d.s.r.aws.ConfigClusterResolver      : Resolving eureka endpoints via configuration
2022-07-08 14:44:51.011  INFO 15632 --- [           main] com.netflix.discovery.DiscoveryClient    : Disable delta property : false
2022-07-08 14:44:51.011  INFO 15632 --- [           main] com.netflix.discovery.DiscoveryClient    : Single vip registry refresh property : null
2022-07-08 14:44:51.012  INFO 15632 --- [           main] com.netflix.discovery.DiscoveryClient    : Force full registry fetch : false
2022-07-08 14:44:51.012  INFO 15632 --- [           main] com.netflix.discovery.DiscoveryClient    : Application is null : false
2022-07-08 14:44:51.012  INFO 15632 --- [           main] com.netflix.discovery.DiscoveryClient    : Registered Applications size is zero : true
2022-07-08 14:44:51.012  INFO 15632 --- [           main] com.netflix.discovery.DiscoveryClient    : Application version is -1: true
2022-07-08 14:44:51.012  INFO 15632 --- [           main] com.netflix.discovery.DiscoveryClient    : Getting all instance registry info from the eureka server
2022-07-08 14:44:51.144  INFO 15632 --- [           main] com.netflix.discovery.DiscoveryClient    : The response status is 200
2022-07-08 14:44:51.146  INFO 15632 --- [           main] com.netflix.discovery.DiscoveryClient    : Starting heartbeat executor: renew interval is: 15
2022-07-08 14:44:51.148  INFO 15632 --- [           main] c.n.discovery.InstanceInfoReplicator     : InstanceInfoReplicator onDemand update allowed rate per min is 4
2022-07-08 14:44:51.152  INFO 15632 --- [           main] com.netflix.discovery.DiscoveryClient    : Discovery Client initialized at timestamp 1657262691151 with initial instances count: 3
2022-07-08 14:44:51.176  INFO 15632 --- [           main] c.n.l.DynamicServerListLoadBalancer      : DynamicServerListLoadBalancer for client item-service initialized: DynamicServerListLoadBalancer:{NFLoadBalancer:name=item-service,current list of Servers=[],Load balancer stats=Zone stats: {},Server stats: [[Server:127.0.0.1:8085;	Zone:defaultZone;	Total Requests:0;	Successive connection failure:0;	Total blackout seconds:0;	Last connection made:Thu Jan 01 08:00:00 CST 1970;	First connection made: Thu Jan 01 08:00:00 CST 1970;	Active Connections:0;	total failure count in last (1000) msecs:0;	average resp time:0.0;	90 percentile resp time:0.0;	95 percentile resp time:0.0;	min resp time:0.0;	max resp time:0.0;	stddev resp time:0.0]
]}ServerList:org.springframework.cloud.netflix.ribbon.eureka.DomainExtractingServerList@8dc3019
2022-07-08 14:44:51.178  INFO 15632 --- [erListUpdater-0] c.netflix.config.ChainedDynamicProperty  : Flipping property: item-service.ribbon.ActiveConnectionsLimit to use NEXT property: niws.loadbalancer.availabilityFilteringRule.activeConnectionsLimit = 2147483647
]]></system-out>
  </testcase>
</testsuite>